{"/home/travis/build/npmtest/node-npmtest-follow/test.js":{"path":"/home/travis/build/npmtest/node-npmtest-follow/test.js","s":{"1":2,"2":2,"3":2,"4":2,"5":2,"6":2,"7":2,"8":1,"9":2,"10":2,"11":1,"12":1,"13":1,"14":1,"15":2,"16":2,"17":2,"18":2,"19":1,"20":1,"21":2,"22":2,"23":2,"24":1,"25":1,"26":1,"27":1,"28":1,"29":1,"30":1,"31":1,"32":1,"33":1,"34":1,"35":1,"36":1,"37":1,"38":1,"39":2,"40":2,"41":1,"42":2,"43":2,"44":1,"45":2,"46":2,"47":1,"48":2,"49":2,"50":1,"51":1,"52":1,"53":1,"54":1},"b":{"1":[2,1,1,1],"2":[1,1,1,1],"3":[1,1],"4":[1,1],"5":[1,1],"6":[1,1],"7":[1,1],"8":[1,1],"9":[1,1],"10":[1,1,1],"11":[1,1],"12":[1,1],"13":[1,1],"14":[1,1],"15":[1,1],"16":[1,1],"17":[1,1]},"f":{"1":2,"2":2,"3":2,"4":2,"5":2,"6":1,"7":1,"8":1,"9":2,"10":2,"11":2,"12":2,"13":1},"fnMap":{"1":{"name":"(anonymous_1)","line":12,"loc":{"start":{"line":12,"column":1},"end":{"line":12,"column":13}}},"2":{"name":"(anonymous_2)","line":19,"loc":{"start":{"line":19,"column":5},"end":{"line":19,"column":17}}},"3":{"name":"(anonymous_3)","line":23,"loc":{"start":{"line":23,"column":24},"end":{"line":23,"column":36}}},"4":{"name":"(anonymous_4)","line":61,"loc":{"start":{"line":61,"column":5},"end":{"line":61,"column":17}}},"5":{"name":"(anonymous_5)","line":82,"loc":{"start":{"line":82,"column":5},"end":{"line":82,"column":17}}},"6":{"name":"(anonymous_6)","line":91,"loc":{"start":{"line":91,"column":77},"end":{"line":94,"column":10}}},"7":{"name":"(anonymous_7)","line":112,"loc":{"start":{"line":112,"column":83},"end":{"line":115,"column":10}},"skip":true},"8":{"name":"(anonymous_8)","line":123,"loc":{"start":{"line":123,"column":77},"end":{"line":126,"column":10}},"skip":true},"9":{"name":"(anonymous_9)","line":139,"loc":{"start":{"line":139,"column":12},"end":{"line":139,"column":40}},"skip":true},"10":{"name":"(anonymous_10)","line":147,"loc":{"start":{"line":147,"column":77},"end":{"line":150,"column":10}},"skip":true},"11":{"name":"(anonymous_11)","line":158,"loc":{"start":{"line":158,"column":83},"end":{"line":161,"column":10}},"skip":true},"12":{"name":"(anonymous_12)","line":169,"loc":{"start":{"line":169,"column":79},"end":{"line":172,"column":10}},"skip":true},"13":{"name":"(anonymous_13)","line":180,"loc":{"start":{"line":180,"column":75},"end":{"line":183,"column":10}},"skip":true}},"statementMap":{"1":{"start":{"line":12,"column":0},"end":{"line":195,"column":5}},"2":{"start":{"line":14,"column":4},"end":{"line":14,"column":14}},"3":{"start":{"line":19,"column":4},"end":{"line":56,"column":9}},"4":{"start":{"line":21,"column":8},"end":{"line":21,"column":19}},"5":{"start":{"line":23,"column":8},"end":{"line":35,"column":13}},"6":{"start":{"line":24,"column":12},"end":{"line":34,"column":13}},"7":{"start":{"line":25,"column":16},"end":{"line":28,"column":30}},"8":{"start":{"line":30,"column":16},"end":{"line":33,"column":27}},"9":{"start":{"line":37,"column":8},"end":{"line":39,"column":21}},"10":{"start":{"line":40,"column":8},"end":{"line":53,"column":9}},"11":{"start":{"line":43,"column":12},"end":{"line":46,"column":14}},"12":{"start":{"line":47,"column":12},"end":{"line":47,"column":18}},"13":{"start":{"line":50,"column":12},"end":{"line":51,"column":33}},"14":{"start":{"line":52,"column":12},"end":{"line":52,"column":18}},"15":{"start":{"line":55,"column":8},"end":{"line":55,"column":35}},"16":{"start":{"line":61,"column":4},"end":{"line":63,"column":9}},"17":{"start":{"line":62,"column":8},"end":{"line":62,"column":15}},"18":{"start":{"line":64,"column":4},"end":{"line":77,"column":5}},"19":{"start":{"line":70,"column":8},"end":{"line":70,"column":14}},"20":{"start":{"line":76,"column":8},"end":{"line":76,"column":14}},"21":{"start":{"line":82,"column":4},"end":{"line":84,"column":9}},"22":{"start":{"line":83,"column":8},"end":{"line":83,"column":15}},"23":{"start":{"line":85,"column":4},"end":{"line":194,"column":5}},"24":{"start":{"line":91,"column":8},"end":{"line":99,"column":10}},"25":{"start":{"line":98,"column":12},"end":{"line":98,"column":35}},"26":{"start":{"line":102,"column":8},"end":{"line":104,"column":63}},"27":{"start":{"line":105,"column":8},"end":{"line":105,"column":14}},"28":{"start":{"line":112,"column":8},"end":{"line":121,"column":10},"skip":true},"29":{"start":{"line":119,"column":12},"end":{"line":119,"column":55},"skip":true},"30":{"start":{"line":120,"column":12},"end":{"line":120,"column":48},"skip":true},"31":{"start":{"line":123,"column":8},"end":{"line":136,"column":10},"skip":true},"32":{"start":{"line":130,"column":12},"end":{"line":130,"column":76},"skip":true},"33":{"start":{"line":131,"column":12},"end":{"line":131,"column":73},"skip":true},"34":{"start":{"line":132,"column":12},"end":{"line":132,"column":74},"skip":true},"35":{"start":{"line":133,"column":12},"end":{"line":133,"column":79},"skip":true},"36":{"start":{"line":134,"column":12},"end":{"line":134,"column":25},"skip":true},"37":{"start":{"line":135,"column":12},"end":{"line":135,"column":45},"skip":true},"38":{"start":{"line":138,"column":8},"end":{"line":145,"column":14},"skip":true},"39":{"start":{"line":143,"column":16},"end":{"line":143,"column":29},"skip":true},"40":{"start":{"line":144,"column":16},"end":{"line":144,"column":55},"skip":true},"41":{"start":{"line":147,"column":8},"end":{"line":156,"column":10},"skip":true},"42":{"start":{"line":154,"column":12},"end":{"line":154,"column":25},"skip":true},"43":{"start":{"line":155,"column":12},"end":{"line":155,"column":45},"skip":true},"44":{"start":{"line":158,"column":8},"end":{"line":167,"column":10},"skip":true},"45":{"start":{"line":165,"column":12},"end":{"line":165,"column":25},"skip":true},"46":{"start":{"line":166,"column":12},"end":{"line":166,"column":48},"skip":true},"47":{"start":{"line":169,"column":8},"end":{"line":178,"column":10},"skip":true},"48":{"start":{"line":176,"column":12},"end":{"line":176,"column":25},"skip":true},"49":{"start":{"line":177,"column":12},"end":{"line":177,"column":46},"skip":true},"50":{"start":{"line":180,"column":8},"end":{"line":189,"column":10},"skip":true},"51":{"start":{"line":187,"column":12},"end":{"line":187,"column":94},"skip":true},"52":{"start":{"line":188,"column":12},"end":{"line":188,"column":48},"skip":true},"53":{"start":{"line":192,"column":8},"end":{"line":192,"column":35},"skip":true},"54":{"start":{"line":193,"column":8},"end":{"line":193,"column":14},"skip":true}},"branchMap":{"1":{"line":25,"type":"binary-expr","locations":[{"start":{"line":25,"column":23},"end":{"line":25,"column":62}},{"start":{"line":26,"column":20},"end":{"line":26,"column":70}},{"start":{"line":27,"column":20},"end":{"line":27,"column":71}},{"start":{"line":28,"column":20},"end":{"line":28,"column":29}}]},"2":{"line":30,"type":"binary-expr","locations":[{"start":{"line":30,"column":23},"end":{"line":30,"column":37}},{"start":{"line":31,"column":20},"end":{"line":31,"column":61}},{"start":{"line":32,"column":20},"end":{"line":32,"column":70}},{"start":{"line":33,"column":20},"end":{"line":33,"column":26}}]},"3":{"line":37,"type":"cond-expr","locations":[{"start":{"line":38,"column":14},"end":{"line":38,"column":20}},{"start":{"line":39,"column":14},"end":{"line":39,"column":20}}]},"4":{"line":40,"type":"switch","locations":[{"start":{"line":42,"column":8},"end":{"line":47,"column":18}},{"start":{"line":49,"column":8},"end":{"line":52,"column":18}}]},"5":{"line":44,"type":"binary-expr","locations":[{"start":{"line":44,"column":16},"end":{"line":44,"column":44}},{"start":{"line":44,"column":48},"end":{"line":44,"column":66}}]},"6":{"line":50,"type":"binary-expr","locations":[{"start":{"line":50,"column":21},"end":{"line":50,"column":49}},{"start":{"line":50,"column":53},"end":{"line":50,"column":72}}]},"7":{"line":64,"type":"switch","locations":[{"start":{"line":69,"column":4},"end":{"line":70,"column":14}},{"start":{"line":75,"column":4},"end":{"line":76,"column":14}}]},"8":{"line":85,"type":"switch","locations":[{"start":{"line":90,"column":4},"end":{"line":105,"column":14}},{"start":{"line":111,"column":4},"end":{"line":193,"column":14},"skip":true}]},"9":{"line":91,"type":"binary-expr","locations":[{"start":{"line":91,"column":42},"end":{"line":91,"column":73}},{"start":{"line":91,"column":77},"end":{"line":99,"column":9}}]},"10":{"line":102,"type":"binary-expr","locations":[{"start":{"line":102,"column":18},"end":{"line":102,"column":32}},{"start":{"line":103,"column":12},"end":{"line":103,"column":53}},{"start":{"line":104,"column":12},"end":{"line":104,"column":61}}]},"11":{"line":112,"type":"binary-expr","locations":[{"start":{"line":112,"column":45},"end":{"line":112,"column":79},"skip":true},{"start":{"line":112,"column":83},"end":{"line":121,"column":9},"skip":true}]},"12":{"line":123,"type":"binary-expr","locations":[{"start":{"line":123,"column":42},"end":{"line":123,"column":73},"skip":true},{"start":{"line":123,"column":77},"end":{"line":136,"column":9},"skip":true}]},"13":{"line":138,"type":"binary-expr","locations":[{"start":{"line":138,"column":48},"end":{"line":138,"column":85},"skip":true},{"start":{"line":139,"column":12},"end":{"line":145,"column":13},"skip":true}]},"14":{"line":147,"type":"binary-expr","locations":[{"start":{"line":147,"column":42},"end":{"line":147,"column":73},"skip":true},{"start":{"line":147,"column":77},"end":{"line":156,"column":9},"skip":true}]},"15":{"line":158,"type":"binary-expr","locations":[{"start":{"line":158,"column":45},"end":{"line":158,"column":79},"skip":true},{"start":{"line":158,"column":83},"end":{"line":167,"column":9},"skip":true}]},"16":{"line":169,"type":"binary-expr","locations":[{"start":{"line":169,"column":43},"end":{"line":169,"column":75},"skip":true},{"start":{"line":169,"column":79},"end":{"line":178,"column":9},"skip":true}]},"17":{"line":180,"type":"binary-expr","locations":[{"start":{"line":180,"column":41},"end":{"line":180,"column":71},"skip":true},{"start":{"line":180,"column":75},"end":{"line":189,"column":9},"skip":true}]}},"code":["/* istanbul instrument in package npmtest_follow */","/*jslint","    bitwise: true,","    browser: true,","    maxerr: 8,","    maxlen: 96,","    node: true,","    nomen: true,","    regexp: true,","    stupid: true","*/","(function () {","    'use strict';","    var local;","","","","    // run shared js-env code - init-before","    (function () {","        // init local","        local = {};","        // init modeJs","        local.modeJs = (function () {","            try {","                return typeof navigator.userAgent === 'string' &&","                    typeof document.querySelector('body') === 'object' &&","                    typeof XMLHttpRequest.prototype.open === 'function' &&","                    'browser';","            } catch (errorCaughtBrowser) {","                return module.exports &&","                    typeof process.versions.node === 'string' &&","                    typeof require('http').createServer === 'function' &&","                    'node';","            }","        }());","        // init global","        local.global = local.modeJs === 'browser'","            ? window","            : global;","        switch (local.modeJs) {","        // re-init local from window.local","        case 'browser':","            local = local.global.utility2.objectSetDefault(","                local.global.utility2_rollup || local.global.local,","                local.global.utility2","            );","            break;","        // re-init local from example.js","        case 'node':","            local = (local.global.utility2_rollup || require('utility2'))","                .requireReadme();","            break;","        }","        // export local","        local.global.local = local;","    }());","","","","    // run shared js-env code - function","    (function () {","        return;","    }());","    switch (local.modeJs) {","","","","    // run browser js-env code - function","    case 'browser':","        break;","","","","    // run node js-env code - function","    case 'node':","        break;","    }","","","","    // run shared js-env code - init-after","    (function () {","        return;","    }());","    switch (local.modeJs) {","","","","    // run browser js-env code - init-after","    case 'browser':","        local.testCase_browser_nullCase = local.testCase_browser_nullCase || function (","            options,","            onError","        ) {","        /*","         * this function will test browsers's null-case handling-behavior-behavior","         */","            onError(null, options);","        };","","        // run tests","        local.nop(local.modeTest &&","            document.querySelector('#testRunButton1') &&","            document.querySelector('#testRunButton1').click());","        break;","","","","    // run node js-env code - init-after","    /* istanbul ignore next */","    case 'node':","        local.testCase_buildApidoc_default = local.testCase_buildApidoc_default || function (","            options,","            onError","        ) {","        /*","         * this function will test buildApidoc's default handling-behavior-behavior","         */","            options = { modulePathList: module.paths };","            local.buildApidoc(options, onError);","        };","","        local.testCase_buildApp_default = local.testCase_buildApp_default || function (","            options,","            onError","        ) {","        /*","         * this function will test buildApp's default handling-behavior-behavior","         */","            local.testCase_buildReadme_default(options, local.onErrorThrow);","            local.testCase_buildLib_default(options, local.onErrorThrow);","            local.testCase_buildTest_default(options, local.onErrorThrow);","            local.testCase_buildCustomOrg_default(options, local.onErrorThrow);","            options = [];","            local.buildApp(options, onError);","        };","","        local.testCase_buildCustomOrg_default = local.testCase_buildCustomOrg_default ||","            function (options, onError) {","            /*","             * this function will test buildCustomOrg's default handling-behavior","             */","                options = {};","                local.buildCustomOrg(options, onError);","            };","","        local.testCase_buildLib_default = local.testCase_buildLib_default || function (","            options,","            onError","        ) {","        /*","         * this function will test buildLib's default handling-behavior","         */","            options = {};","            local.buildLib(options, onError);","        };","","        local.testCase_buildReadme_default = local.testCase_buildReadme_default || function (","            options,","            onError","        ) {","        /*","         * this function will test buildReadme's default handling-behavior-behavior","         */","            options = {};","            local.buildReadme(options, onError);","        };","","        local.testCase_buildTest_default = local.testCase_buildTest_default || function (","            options,","            onError","        ) {","        /*","         * this function will test buildTest's default handling-behavior","         */","            options = {};","            local.buildTest(options, onError);","        };","","        local.testCase_webpage_default = local.testCase_webpage_default || function (","            options,","            onError","        ) {","        /*","         * this function will test webpage's default handling-behavior","         */","            options = { modeCoverageMerge: true, url: local.serverLocalHost + '?modeTest=1' };","            local.browserTest(options, onError);","        };","","        // run test-server","        local.testRunServer(local);","        break;","    }","}());",""],"l":{"12":2,"14":2,"19":2,"21":2,"23":2,"24":2,"25":2,"30":1,"37":2,"40":2,"43":1,"47":1,"50":1,"52":1,"55":2,"61":2,"62":2,"64":2,"70":1,"76":1,"82":2,"83":2,"85":2,"91":1,"98":1,"102":1,"105":1,"112":1,"119":1,"120":1,"123":1,"130":1,"131":1,"132":1,"133":1,"134":1,"135":1,"138":1,"143":2,"144":2,"147":1,"154":2,"155":2,"158":1,"165":2,"166":2,"169":1,"176":2,"177":2,"180":1,"187":1,"188":1,"192":1,"193":1}},"/home/travis/build/npmtest/node-npmtest-follow/lib.npmtest_follow.js":{"path":"/home/travis/build/npmtest/node-npmtest-follow/lib.npmtest_follow.js","s":{"1":2,"2":2,"3":2,"4":2,"5":2,"6":2,"7":2,"8":1,"9":2,"10":2,"11":2,"12":2,"13":1,"14":1,"15":1,"16":1},"b":{"1":[2,1,1,1],"2":[1,1,1,1],"3":[1,1],"4":[2,2],"5":[1,1]},"f":{"1":2,"2":2,"3":2},"fnMap":{"1":{"name":"(anonymous_1)","line":12,"loc":{"start":{"line":12,"column":1},"end":{"line":12,"column":13}}},"2":{"name":"(anonymous_2)","line":19,"loc":{"start":{"line":19,"column":5},"end":{"line":19,"column":17}}},"3":{"name":"(anonymous_3)","line":23,"loc":{"start":{"line":23,"column":24},"end":{"line":23,"column":36}}}},"statementMap":{"1":{"start":{"line":12,"column":0},"end":{"line":53,"column":5}},"2":{"start":{"line":14,"column":4},"end":{"line":14,"column":14}},"3":{"start":{"line":19,"column":4},"end":{"line":52,"column":9}},"4":{"start":{"line":21,"column":8},"end":{"line":21,"column":19}},"5":{"start":{"line":23,"column":8},"end":{"line":35,"column":13}},"6":{"start":{"line":24,"column":12},"end":{"line":34,"column":13}},"7":{"start":{"line":25,"column":16},"end":{"line":28,"column":30}},"8":{"start":{"line":30,"column":16},"end":{"line":33,"column":27}},"9":{"start":{"line":37,"column":8},"end":{"line":39,"column":21}},"10":{"start":{"line":41,"column":8},"end":{"line":41,"column":54}},"11":{"start":{"line":43,"column":8},"end":{"line":43,"column":51}},"12":{"start":{"line":45,"column":8},"end":{"line":51,"column":9}},"13":{"start":{"line":46,"column":12},"end":{"line":46,"column":57}},"14":{"start":{"line":48,"column":12},"end":{"line":48,"column":35}},"15":{"start":{"line":49,"column":12},"end":{"line":49,"column":49}},"16":{"start":{"line":50,"column":12},"end":{"line":50,"column":43}}},"branchMap":{"1":{"line":25,"type":"binary-expr","locations":[{"start":{"line":25,"column":23},"end":{"line":25,"column":62}},{"start":{"line":26,"column":20},"end":{"line":26,"column":70}},{"start":{"line":27,"column":20},"end":{"line":27,"column":71}},{"start":{"line":28,"column":20},"end":{"line":28,"column":29}}]},"2":{"line":30,"type":"binary-expr","locations":[{"start":{"line":30,"column":23},"end":{"line":30,"column":37}},{"start":{"line":31,"column":20},"end":{"line":31,"column":61}},{"start":{"line":32,"column":20},"end":{"line":32,"column":70}},{"start":{"line":33,"column":20},"end":{"line":33,"column":26}}]},"3":{"line":37,"type":"cond-expr","locations":[{"start":{"line":38,"column":14},"end":{"line":38,"column":20}},{"start":{"line":39,"column":14},"end":{"line":39,"column":20}}]},"4":{"line":41,"type":"binary-expr","locations":[{"start":{"line":41,"column":16},"end":{"line":41,"column":44}},{"start":{"line":41,"column":48},"end":{"line":41,"column":53}}]},"5":{"line":45,"type":"if","locations":[{"start":{"line":45,"column":8},"end":{"line":45,"column":8}},{"start":{"line":45,"column":8},"end":{"line":45,"column":8}}]}},"code":["/* istanbul instrument in package npmtest_follow */","/*jslint","    bitwise: true,","    browser: true,","    maxerr: 8,","    maxlen: 96,","    node: true,","    nomen: true,","    regexp: true,","    stupid: true","*/","(function () {","    'use strict';","    var local;","","","","    // run shared js-env code - init-before","    (function () {","        // init local","        local = {};","        // init modeJs","        local.modeJs = (function () {","            try {","                return typeof navigator.userAgent === 'string' &&","                    typeof document.querySelector('body') === 'object' &&","                    typeof XMLHttpRequest.prototype.open === 'function' &&","                    'browser';","            } catch (errorCaughtBrowser) {","                return module.exports &&","                    typeof process.versions.node === 'string' &&","                    typeof require('http').createServer === 'function' &&","                    'node';","            }","        }());","        // init global","        local.global = local.modeJs === 'browser'","            ? window","            : global;","        // init utility2_rollup","        local = local.global.utility2_rollup || local;","        // init lib","        local.local = local.npmtest_follow = local;","        // init exports","        if (local.modeJs === 'browser') {","            local.global.utility2_npmtest_follow = local;","        } else {","            module.exports = local;","            module.exports.__dirname = __dirname;","            module.exports.module = module;","        }","    }());","}());",""],"l":{"12":2,"14":2,"19":2,"21":2,"23":2,"24":2,"25":2,"30":1,"37":2,"41":2,"43":2,"45":2,"46":1,"48":1,"49":1,"50":1}},"/home/travis/build/npmtest/node-npmtest-follow/example.js":{"path":"/home/travis/build/npmtest/node-npmtest-follow/example.js","s":{"1":2,"2":2,"3":2,"4":2,"5":2,"6":2,"7":2,"8":1,"9":2,"10":2,"11":2,"12":2,"13":1,"14":2,"15":2,"16":2,"17":2,"18":2,"19":0,"20":2,"21":1,"22":1,"23":1,"24":1,"25":1,"26":0,"27":0,"28":1,"29":1,"30":2,"31":0,"32":0,"33":0,"34":1,"35":2,"36":2,"37":3,"38":3,"39":3,"40":3,"41":0,"42":3,"43":3,"44":3,"45":1,"46":3,"47":1,"48":1,"49":1,"50":1,"51":1,"52":1,"53":1,"54":1,"55":1,"56":1,"57":0,"58":1,"59":6,"60":6,"61":1,"62":2,"63":0,"64":2,"65":1,"66":1,"67":0,"68":0,"69":0,"70":0,"71":0,"72":0,"73":0,"74":0,"75":0,"76":0,"77":0,"78":0,"79":0,"80":0,"81":0,"82":0,"83":0},"b":{"1":[2,1,1,1],"2":[1,1,1,1],"3":[1,1],"4":[2,2],"5":[1,1],"6":[1,1],"7":[2,0],"8":[2,1,1,1,1,1],"9":[0,2,0],"10":[1,1],"11":[2,1,1],"12":[1,0],"13":[0,2],"14":[2,0,0,0,0,0,0],"15":[0,3],"16":[3,0],"17":[1,1],"18":[0,1],"19":[1,2,0,2],"20":[1,0],"21":[1,1],"22":[0,0],"23":[0,0],"24":[0,0],"25":[0,0],"26":[0,0],"27":[0,0],"28":[0,0]},"f":{"1":2,"2":2,"3":2,"4":2,"5":2,"6":2,"7":3,"8":3,"9":3,"10":1,"11":6,"12":0},"fnMap":{"1":{"name":"(anonymous_1)","line":26,"loc":{"start":{"line":26,"column":1},"end":{"line":26,"column":13}}},"2":{"name":"(anonymous_2)","line":33,"loc":{"start":{"line":33,"column":5},"end":{"line":33,"column":17}}},"3":{"name":"(anonymous_3)","line":37,"loc":{"start":{"line":37,"column":24},"end":{"line":37,"column":36}}},"4":{"name":"(anonymous_4)","line":69,"loc":{"start":{"line":69,"column":31},"end":{"line":69,"column":48}},"skip":true},"5":{"name":"(anonymous_5)","line":78,"loc":{"start":{"line":78,"column":26},"end":{"line":78,"column":45}},"skip":true},"6":{"name":"(anonymous_6)","line":123,"loc":{"start":{"line":123,"column":33},"end":{"line":123,"column":48}},"skip":true},"7":{"name":"(anonymous_7)","line":125,"loc":{"start":{"line":125,"column":27},"end":{"line":125,"column":39}},"skip":true},"8":{"name":"(anonymous_8)","line":133,"loc":{"start":{"line":133,"column":59},"end":{"line":133,"column":74}},"skip":true},"9":{"name":"(anonymous_9)","line":143,"loc":{"start":{"line":143,"column":45},"end":{"line":143,"column":62}},"skip":true},"10":{"name":"(anonymous_10)","line":144,"loc":{"start":{"line":144,"column":73},"end":{"line":144,"column":92}},"skip":true},"11":{"name":"(anonymous_11)","line":272,"loc":{"start":{"line":272,"column":51},"end":{"line":272,"column":77}},"skip":true},"12":{"name":"(anonymous_12)","line":315,"loc":{"start":{"line":315,"column":32},"end":{"line":315,"column":61}},"skip":true}},"statementMap":{"1":{"start":{"line":26,"column":0},"end":{"line":326,"column":5}},"2":{"start":{"line":28,"column":4},"end":{"line":28,"column":14}},"3":{"start":{"line":33,"column":4},"end":{"line":60,"column":9}},"4":{"start":{"line":35,"column":8},"end":{"line":35,"column":19}},"5":{"start":{"line":37,"column":8},"end":{"line":49,"column":13}},"6":{"start":{"line":38,"column":12},"end":{"line":48,"column":13}},"7":{"start":{"line":39,"column":16},"end":{"line":42,"column":30}},"8":{"start":{"line":44,"column":16},"end":{"line":47,"column":27}},"9":{"start":{"line":51,"column":8},"end":{"line":53,"column":21}},"10":{"start":{"line":55,"column":8},"end":{"line":57,"column":45}},"11":{"start":{"line":59,"column":8},"end":{"line":59,"column":35}},"12":{"start":{"line":61,"column":4},"end":{"line":325,"column":5}},"13":{"start":{"line":69,"column":8},"end":{"line":121,"column":10},"skip":true},"14":{"start":{"line":70,"column":12},"end":{"line":88,"column":13},"skip":true},"15":{"start":{"line":76,"column":16},"end":{"line":87,"column":19},"skip":true},"16":{"start":{"line":79,"column":20},"end":{"line":86,"column":21},"skip":true},"17":{"start":{"line":82,"column":24},"end":{"line":82,"column":43},"skip":true},"18":{"start":{"line":83,"column":24},"end":{"line":83,"column":30},"skip":true},"19":{"start":{"line":85,"column":24},"end":{"line":85,"column":49},"skip":true},"20":{"start":{"line":89,"column":12},"end":{"line":107,"column":13},"skip":true},"21":{"start":{"line":92,"column":16},"end":{"line":102,"column":17},"skip":true},"22":{"start":{"line":93,"column":20},"end":{"line":93,"column":86},"skip":true},"23":{"start":{"line":94,"column":20},"end":{"line":95,"column":45},"skip":true},"24":{"start":{"line":96,"column":20},"end":{"line":96,"column":42},"skip":true},"25":{"start":{"line":97,"column":20},"end":{"line":97,"column":48},"skip":true},"26":{"start":{"line":100,"column":20},"end":{"line":100,"column":85},"skip":true},"27":{"start":{"line":101,"column":20},"end":{"line":101,"column":96},"skip":true},"28":{"start":{"line":103,"column":16},"end":{"line":103,"column":22},"skip":true},"29":{"start":{"line":106,"column":16},"end":{"line":106,"column":22},"skip":true},"30":{"start":{"line":108,"column":12},"end":{"line":120,"column":13},"skip":true},"31":{"start":{"line":114,"column":16},"end":{"line":119,"column":17},"skip":true},"32":{"start":{"line":116,"column":20},"end":{"line":116,"column":78},"skip":true},"33":{"start":{"line":118,"column":20},"end":{"line":118,"column":47},"skip":true},"34":{"start":{"line":123,"column":8},"end":{"line":141,"column":11},"skip":true},"35":{"start":{"line":124,"column":12},"end":{"line":124,"column":54},"skip":true},"36":{"start":{"line":125,"column":12},"end":{"line":140,"column":14},"skip":true},"37":{"start":{"line":126,"column":16},"end":{"line":126,"column":28},"skip":true},"38":{"start":{"line":127,"column":16},"end":{"line":127,"column":69},"skip":true},"39":{"start":{"line":128,"column":16},"end":{"line":128,"column":75},"skip":true},"40":{"start":{"line":129,"column":16},"end":{"line":131,"column":17},"skip":true},"41":{"start":{"line":130,"column":20},"end":{"line":130,"column":27},"skip":true},"42":{"start":{"line":133,"column":16},"end":{"line":137,"column":36},"skip":true},"43":{"start":{"line":134,"column":20},"end":{"line":136,"column":55},"skip":true},"44":{"start":{"line":139,"column":16},"end":{"line":139,"column":57},"skip":true},"45":{"start":{"line":143,"column":8},"end":{"line":147,"column":11},"skip":true},"46":{"start":{"line":144,"column":12},"end":{"line":146,"column":15},"skip":true},"47":{"start":{"line":145,"column":16},"end":{"line":145,"column":70},"skip":true},"48":{"start":{"line":149,"column":8},"end":{"line":149,"column":31},"skip":true},"49":{"start":{"line":150,"column":8},"end":{"line":150,"column":14},"skip":true},"50":{"start":{"line":158,"column":8},"end":{"line":158,"column":31},"skip":true},"51":{"start":{"line":160,"column":8},"end":{"line":160,"column":33},"skip":true},"52":{"start":{"line":161,"column":8},"end":{"line":161,"column":37},"skip":true},"53":{"start":{"line":162,"column":8},"end":{"line":162,"column":35},"skip":true},"54":{"start":{"line":164,"column":8},"end":{"line":164,"column":50},"skip":true},"55":{"start":{"line":166,"column":8},"end":{"line":256,"column":2},"skip":true},"56":{"start":{"line":258,"column":8},"end":{"line":286,"column":9},"skip":true},"57":{"start":{"line":259,"column":12},"end":{"line":269,"column":14},"skip":true},"58":{"start":{"line":271,"column":12},"end":{"line":285,"column":19},"skip":true},"59":{"start":{"line":274,"column":20},"end":{"line":274,"column":35},"skip":true},"60":{"start":{"line":275,"column":20},"end":{"line":284,"column":21},"skip":true},"61":{"start":{"line":277,"column":24},"end":{"line":277,"column":64},"skip":true},"62":{"start":{"line":279,"column":24},"end":{"line":279,"column":40},"skip":true},"63":{"start":{"line":281,"column":24},"end":{"line":281,"column":40},"skip":true},"64":{"start":{"line":283,"column":24},"end":{"line":283,"column":39},"skip":true},"65":{"start":{"line":288,"column":8},"end":{"line":290,"column":9},"skip":true},"66":{"start":{"line":289,"column":12},"end":{"line":289,"column":18},"skip":true},"67":{"start":{"line":291,"column":8},"end":{"line":293,"column":54},"skip":true},"68":{"start":{"line":296,"column":8},"end":{"line":301,"column":37},"skip":true},"69":{"start":{"line":303,"column":8},"end":{"line":303,"column":82},"skip":true},"70":{"start":{"line":306,"column":8},"end":{"line":308,"column":9},"skip":true},"71":{"start":{"line":307,"column":12},"end":{"line":307,"column":82},"skip":true},"72":{"start":{"line":310,"column":8},"end":{"line":312,"column":9},"skip":true},"73":{"start":{"line":311,"column":12},"end":{"line":311,"column":18},"skip":true},"74":{"start":{"line":313,"column":8},"end":{"line":313,"column":54},"skip":true},"75":{"start":{"line":314,"column":8},"end":{"line":314,"column":69},"skip":true},"76":{"start":{"line":315,"column":8},"end":{"line":323,"column":36},"skip":true},"77":{"start":{"line":316,"column":12},"end":{"line":316,"column":61},"skip":true},"78":{"start":{"line":317,"column":12},"end":{"line":320,"column":13},"skip":true},"79":{"start":{"line":318,"column":16},"end":{"line":318,"column":75},"skip":true},"80":{"start":{"line":319,"column":16},"end":{"line":319,"column":23},"skip":true},"81":{"start":{"line":321,"column":12},"end":{"line":321,"column":38},"skip":true},"82":{"start":{"line":322,"column":12},"end":{"line":322,"column":27},"skip":true},"83":{"start":{"line":324,"column":8},"end":{"line":324,"column":14},"skip":true}},"branchMap":{"1":{"line":39,"type":"binary-expr","locations":[{"start":{"line":39,"column":23},"end":{"line":39,"column":62}},{"start":{"line":40,"column":20},"end":{"line":40,"column":70}},{"start":{"line":41,"column":20},"end":{"line":41,"column":71}},{"start":{"line":42,"column":20},"end":{"line":42,"column":29}}]},"2":{"line":44,"type":"binary-expr","locations":[{"start":{"line":44,"column":23},"end":{"line":44,"column":37}},{"start":{"line":45,"column":20},"end":{"line":45,"column":61}},{"start":{"line":46,"column":20},"end":{"line":46,"column":70}},{"start":{"line":47,"column":20},"end":{"line":47,"column":26}}]},"3":{"line":51,"type":"cond-expr","locations":[{"start":{"line":52,"column":14},"end":{"line":52,"column":20}},{"start":{"line":53,"column":14},"end":{"line":53,"column":20}}]},"4":{"line":55,"type":"binary-expr","locations":[{"start":{"line":55,"column":16},"end":{"line":55,"column":44}},{"start":{"line":55,"column":49},"end":{"line":57,"column":43}}]},"5":{"line":55,"type":"cond-expr","locations":[{"start":{"line":56,"column":14},"end":{"line":56,"column":50}},{"start":{"line":57,"column":14},"end":{"line":57,"column":43}}]},"6":{"line":61,"type":"switch","locations":[{"start":{"line":68,"column":4},"end":{"line":150,"column":14},"skip":true},{"start":{"line":156,"column":4},"end":{"line":324,"column":14},"skip":true}]},"7":{"line":70,"type":"if","locations":[{"start":{"line":70,"column":12},"end":{"line":70,"column":12},"skip":true},{"start":{"line":70,"column":12},"end":{"line":70,"column":12},"skip":true}]},"8":{"line":70,"type":"binary-expr","locations":[{"start":{"line":70,"column":16},"end":{"line":70,"column":22},"skip":true},{"start":{"line":70,"column":27},"end":{"line":70,"column":32},"skip":true},{"start":{"line":71,"column":20},"end":{"line":71,"column":39},"skip":true},{"start":{"line":72,"column":20},"end":{"line":72,"column":49},"skip":true},{"start":{"line":73,"column":20},"end":{"line":73,"column":58},"skip":true},{"start":{"line":74,"column":20},"end":{"line":74,"column":69},"skip":true}]},"9":{"line":79,"type":"switch","locations":[{"start":{"line":80,"column":20},"end":{"line":80,"column":33},"skip":true},{"start":{"line":81,"column":20},"end":{"line":83,"column":30},"skip":true},{"start":{"line":84,"column":20},"end":{"line":85,"column":49},"skip":true}]},"10":{"line":89,"type":"switch","locations":[{"start":{"line":90,"column":12},"end":{"line":103,"column":22},"skip":true},{"start":{"line":105,"column":12},"end":{"line":106,"column":22},"skip":true}]},"11":{"line":89,"type":"binary-expr","locations":[{"start":{"line":89,"column":20},"end":{"line":89,"column":25},"skip":true},{"start":{"line":89,"column":29},"end":{"line":89,"column":48},"skip":true},{"start":{"line":89,"column":52},"end":{"line":89,"column":74},"skip":true}]},"12":{"line":92,"type":"if","locations":[{"start":{"line":92,"column":16},"end":{"line":92,"column":16},"skip":true},{"start":{"line":92,"column":16},"end":{"line":92,"column":16},"skip":true}]},"13":{"line":108,"type":"if","locations":[{"start":{"line":108,"column":12},"end":{"line":108,"column":12},"skip":true},{"start":{"line":108,"column":12},"end":{"line":108,"column":12},"skip":true}]},"14":{"line":108,"type":"binary-expr","locations":[{"start":{"line":108,"column":16},"end":{"line":108,"column":61},"skip":true},{"start":{"line":108,"column":66},"end":{"line":108,"column":72},"skip":true},{"start":{"line":108,"column":77},"end":{"line":108,"column":82},"skip":true},{"start":{"line":109,"column":20},"end":{"line":109,"column":39},"skip":true},{"start":{"line":110,"column":20},"end":{"line":110,"column":49},"skip":true},{"start":{"line":111,"column":20},"end":{"line":111,"column":58},"skip":true},{"start":{"line":112,"column":20},"end":{"line":112,"column":68},"skip":true}]},"15":{"line":129,"type":"if","locations":[{"start":{"line":129,"column":16},"end":{"line":129,"column":16},"skip":true},{"start":{"line":129,"column":16},"end":{"line":129,"column":16},"skip":true}]},"16":{"line":134,"type":"cond-expr","locations":[{"start":{"line":135,"column":26},"end":{"line":135,"column":29},"skip":true},{"start":{"line":136,"column":26},"end":{"line":136,"column":54},"skip":true}]},"17":{"line":164,"type":"binary-expr","locations":[{"start":{"line":164,"column":27},"end":{"line":164,"column":43},"skip":true},{"start":{"line":164,"column":47},"end":{"line":164,"column":49},"skip":true}]},"18":{"line":258,"type":"if","locations":[{"start":{"line":258,"column":8},"end":{"line":258,"column":8},"skip":true},{"start":{"line":258,"column":8},"end":{"line":258,"column":8},"skip":true}]},"19":{"line":275,"type":"switch","locations":[{"start":{"line":276,"column":20},"end":{"line":277,"column":64},"skip":true},{"start":{"line":278,"column":20},"end":{"line":279,"column":40},"skip":true},{"start":{"line":280,"column":20},"end":{"line":281,"column":40},"skip":true},{"start":{"line":282,"column":20},"end":{"line":283,"column":39},"skip":true}]},"20":{"line":288,"type":"if","locations":[{"start":{"line":288,"column":8},"end":{"line":288,"column":8},"skip":true},{"start":{"line":288,"column":8},"end":{"line":288,"column":8},"skip":true}]},"21":{"line":288,"type":"binary-expr","locations":[{"start":{"line":288,"column":12},"end":{"line":288,"column":40},"skip":true},{"start":{"line":288,"column":44},"end":{"line":288,"column":67},"skip":true}]},"22":{"line":292,"type":"binary-expr","locations":[{"start":{"line":292,"column":12},"end":{"line":292,"column":50},"skip":true},{"start":{"line":293,"column":12},"end":{"line":293,"column":53},"skip":true}]},"23":{"line":297,"type":"binary-expr","locations":[{"start":{"line":297,"column":12},"end":{"line":297,"column":64},"skip":true},{"start":{"line":298,"column":12},"end":{"line":301,"column":36},"skip":true}]},"24":{"line":303,"type":"binary-expr","locations":[{"start":{"line":303,"column":43},"end":{"line":303,"column":75},"skip":true},{"start":{"line":303,"column":79},"end":{"line":303,"column":81},"skip":true}]},"25":{"line":306,"type":"if","locations":[{"start":{"line":306,"column":8},"end":{"line":306,"column":8},"skip":true},{"start":{"line":306,"column":8},"end":{"line":306,"column":8},"skip":true}]},"26":{"line":310,"type":"if","locations":[{"start":{"line":310,"column":8},"end":{"line":310,"column":8},"skip":true},{"start":{"line":310,"column":8},"end":{"line":310,"column":8},"skip":true}]},"27":{"line":313,"type":"binary-expr","locations":[{"start":{"line":313,"column":27},"end":{"line":313,"column":43},"skip":true},{"start":{"line":313,"column":47},"end":{"line":313,"column":53},"skip":true}]},"28":{"line":317,"type":"if","locations":[{"start":{"line":317,"column":12},"end":{"line":317,"column":12},"skip":true},{"start":{"line":317,"column":12},"end":{"line":317,"column":12},"skip":true}]}},"code":["/*","example.js","","quickstart example","","instruction","    1. save this script as example.js","    2. run the shell command:","        $ npm install npmtest-follow && PORT=8081 node example.js","    3. play with the browser-demo on http://127.0.0.1:8081","*/","","","","/* istanbul instrument in package npmtest_follow */","/*jslint","    bitwise: true,","    browser: true,","    maxerr: 8,","    maxlen: 96,","    node: true,","    nomen: true,","    regexp: true,","    stupid: true","*/","(function () {","    'use strict';","    var local;","","","","    // run shared js-env code - init-before","    (function () {","        // init local","        local = {};","        // init modeJs","        local.modeJs = (function () {","            try {","                return typeof navigator.userAgent === 'string' &&","                    typeof document.querySelector('body') === 'object' &&","                    typeof XMLHttpRequest.prototype.open === 'function' &&","                    'browser';","            } catch (errorCaughtBrowser) {","                return module.exports &&","                    typeof process.versions.node === 'string' &&","                    typeof require('http').createServer === 'function' &&","                    'node';","            }","        }());","        // init global","        local.global = local.modeJs === 'browser'","            ? window","            : global;","        // init utility2_rollup","        local = local.global.utility2_rollup || (local.modeJs === 'browser'","            ? local.global.utility2_npmtest_follow","            : global.utility2_moduleExports);","        // export local","        local.global.local = local;","    }());","    switch (local.modeJs) {","","","","    // init-after","    // run browser js-env code - init-after","    /* istanbul ignore next */","    case 'browser':","        local.testRunBrowser = function (event) {","            if (!event || (event &&","                    event.currentTarget &&","                    event.currentTarget.className &&","                    event.currentTarget.className.includes &&","                    event.currentTarget.className.includes('onreset'))) {","                // reset output","                Array.from(","                    document.querySelectorAll('body > .resettable')","                ).forEach(function (element) {","                    switch (element.tagName) {","                    case 'INPUT':","                    case 'TEXTAREA':","                        element.value = '';","                        break;","                    default:","                        element.textContent = '';","                    }","                });","            }","            switch (event && event.currentTarget && event.currentTarget.id) {","            case 'testRunButton1':","                // show tests","                if (document.querySelector('#testReportDiv1').style.display === 'none') {","                    document.querySelector('#testReportDiv1').style.display = 'block';","                    document.querySelector('#testRunButton1').textContent =","                        'hide internal test';","                    local.modeTest = true;","                    local.testRunDefault(local);","                // hide tests","                } else {","                    document.querySelector('#testReportDiv1').style.display = 'none';","                    document.querySelector('#testRunButton1').textContent = 'run internal test';","                }","                break;","            // custom-case","            default:","                break;","            }","            if (document.querySelector('#inputTextareaEval1') && (!event || (event &&","                    event.currentTarget &&","                    event.currentTarget.className &&","                    event.currentTarget.className.includes &&","                    event.currentTarget.className.includes('oneval')))) {","                // try to eval input-code","                try {","                    /*jslint evil: true*/","                    eval(document.querySelector('#inputTextareaEval1').value);","                } catch (errorCaught) {","                    console.error(errorCaught);","                }","            }","        };","        // log stderr and stdout to #outputTextareaStdout1","        ['error', 'log'].forEach(function (key) {","            console[key + '_original'] = console[key];","            console[key] = function () {","                var element;","                console[key + '_original'].apply(console, arguments);","                element = document.querySelector('#outputTextareaStdout1');","                if (!element) {","                    return;","                }","                // append text to #outputTextareaStdout1","                element.value += Array.from(arguments).map(function (arg) {","                    return typeof arg === 'string'","                        ? arg","                        : JSON.stringify(arg, null, 4);","                }).join(' ') + '\\n';","                // scroll textarea to bottom","                element.scrollTop = element.scrollHeight;","            };","        });","        // init event-handling","        ['change', 'click', 'keyup'].forEach(function (event) {","            Array.from(document.querySelectorAll('.on' + event)).forEach(function (element) {","                element.addEventListener(event, local.testRunBrowser);","            });","        });","        // run tests","        local.testRunBrowser();","        break;","","","","    // run node js-env code - init-after","    /* istanbul ignore next */","    case 'node':","        // export local","        module.exports = local;","        // require modules","        local.fs = require('fs');","        local.http = require('http');","        local.url = require('url');","        // init assets","        local.assetsDict = local.assetsDict || {};","        /* jslint-ignore-begin */","        local.assetsDict['/assets.index.template.html'] = '\\","<!doctype html>\\n\\","<html lang=\"en\">\\n\\","<head>\\n\\","<meta charset=\"UTF-8\">\\n\\","<meta name=\"viewport\" content=\"width=device-width, initial-scale=1\">\\n\\","<title>{{env.npm_package_name}} (v{{env.npm_package_version}})</title>\\n\\","<style>\\n\\","/*csslint\\n\\","    box-sizing: false,\\n\\","    universal-selector: false\\n\\","*/\\n\\","* {\\n\\","    box-sizing: border-box;\\n\\","}\\n\\","body {\\n\\","    background: #dde;\\n\\","    font-family: Arial, Helvetica, sans-serif;\\n\\","    margin: 2rem;\\n\\","}\\n\\","body > * {\\n\\","    margin-bottom: 1rem;\\n\\","}\\n\\",".utility2FooterDiv {\\n\\","    margin-top: 20px;\\n\\","    text-align: center;\\n\\","}\\n\\","</style>\\n\\","<style>\\n\\","/*csslint\\n\\","*/\\n\\","textarea {\\n\\","    font-family: monospace;\\n\\","    height: 10rem;\\n\\","    width: 100%;\\n\\","}\\n\\","textarea[readonly] {\\n\\","    background: #ddd;\\n\\","}\\n\\","</style>\\n\\","</head>\\n\\","<body>\\n\\","<!-- utility2-comment\\n\\","<div id=\"ajaxProgressDiv1\" style=\"background: #d00; height: 2px; left: 0; margin: 0; padding: 0; position: fixed; top: 0; transition: background 0.5s, width 1.5s; width: 25%;\"></div>\\n\\","utility2-comment -->\\n\\","<h1>\\n\\","<!-- utility2-comment\\n\\","    <a\\n\\","        {{#if env.npm_package_homepage}}\\n\\","        href=\"{{env.npm_package_homepage}}\"\\n\\","        {{/if env.npm_package_homepage}}\\n\\","        target=\"_blank\"\\n\\","    >\\n\\","utility2-comment -->\\n\\","        {{env.npm_package_name}} (v{{env.npm_package_version}})\\n\\","<!-- utility2-comment\\n\\","    </a>\\n\\","utility2-comment -->\\n\\","</h1>\\n\\","<h3>{{env.npm_package_description}}</h3>\\n\\","<!-- utility2-comment\\n\\","<h4><a download href=\"assets.app.js\">download standalone app</a></h4>\\n\\","<button class=\"onclick onreset\" id=\"testRunButton1\">run internal test</button><br>\\n\\","<div id=\"testReportDiv1\" style=\"display: none;\"></div>\\n\\","utility2-comment -->\\n\\","\\n\\","\\n\\","\\n\\","<label>stderr and stdout</label>\\n\\","<textarea class=\"resettable\" id=\"outputTextareaStdout1\" readonly></textarea>\\n\\","<!-- utility2-comment\\n\\","{{#if isRollup}}\\n\\","<script src=\"assets.app.js\"></script>\\n\\","{{#unless isRollup}}\\n\\","utility2-comment -->\\n\\","<script src=\"assets.utility2.rollup.js\"></script>\\n\\","<script src=\"jsonp.utility2._stateInit?callback=window.utility2._stateInit\"></script>\\n\\","<script src=\"assets.npmtest_follow.rollup.js\"></script>\\n\\","<script src=\"assets.example.js\"></script>\\n\\","<script src=\"assets.test.js\"></script>\\n\\","<!-- utility2-comment\\n\\","{{/if isRollup}}\\n\\","utility2-comment -->\\n\\","<div class=\"utility2FooterDiv\">\\n\\","    [ this app was created with\\n\\","    <a href=\"https://github.com/kaizhu256/node-utility2\" target=\"_blank\">utility2</a>\\n\\","    ]\\n\\","</div>\\n\\","</body>\\n\\","</html>\\n\\","';","        /* jslint-ignore-end */","        if (local.templateRender) {","            local.assetsDict['/'] = local.templateRender(","                local.assetsDict['/assets.index.template.html'],","                {","                    env: local.objectSetDefault(local.env, {","                        npm_package_description: 'the greatest app in the world!',","                        npm_package_name: 'my-app',","                        npm_package_nameAlias: 'my_app',","                        npm_package_version: '0.0.1'","                    })","                }","            );","        } else {","            local.assetsDict['/'] = local.assetsDict['/assets.index.template.html']","                .replace((/\\{\\{env\\.(\\w+?)\\}\\}/g), function (match0, match1) {","                    // jslint-hack","                    String(match0);","                    switch (match1) {","                    case 'npm_package_description':","                        return 'the greatest app in the world!';","                    case 'npm_package_name':","                        return 'my-app';","                    case 'npm_package_nameAlias':","                        return 'my_app';","                    case 'npm_package_version':","                        return '0.0.1';","                    }","                });","        }","        // run the cli","        if (local.global.utility2_rollup || module !== require.main) {","            break;","        }","        local.assetsDict['/assets.example.js'] =","            local.assetsDict['/assets.example.js'] ||","            local.fs.readFileSync(__filename, 'utf8');","        // bug-workaround - long $npm_package_buildCustomOrg","        /* jslint-ignore-begin */","        local.assetsDict['/assets.npmtest_follow.rollup.js'] =","            local.assetsDict['/assets.npmtest_follow.rollup.js'] ||","            local.fs.readFileSync(","                local.npmtest_follow.__dirname + '/lib.npmtest_follow.js',","                'utf8'","            ).replace((/^#!/), '//');","        /* jslint-ignore-end */","        local.assetsDict['/favicon.ico'] = local.assetsDict['/favicon.ico'] || '';","        // if $npm_config_timeout_exit exists,","        // then exit this process after $npm_config_timeout_exit ms","        if (Number(process.env.npm_config_timeout_exit)) {","            setTimeout(process.exit, Number(process.env.npm_config_timeout_exit));","        }","        // start server","        if (local.global.utility2_serverHttp1) {","            break;","        }","        process.env.PORT = process.env.PORT || '8081';","        console.error('server starting on port ' + process.env.PORT);","        local.http.createServer(function (request, response) {","            request.urlParsed = local.url.parse(request.url);","            if (local.assetsDict[request.urlParsed.pathname] !== undefined) {","                response.end(local.assetsDict[request.urlParsed.pathname]);","                return;","            }","            response.statusCode = 404;","            response.end();","        }).listen(process.env.PORT);","        break;","    }","}());",""],"l":{"26":2,"28":2,"33":2,"35":2,"37":2,"38":2,"39":2,"44":1,"51":2,"55":2,"59":2,"61":2,"69":1,"70":2,"76":2,"79":2,"82":2,"83":2,"85":1,"89":2,"92":1,"93":1,"94":1,"96":1,"97":1,"100":1,"101":1,"103":1,"106":1,"108":2,"114":1,"116":1,"118":1,"123":1,"124":2,"125":2,"126":3,"127":3,"128":3,"129":3,"130":1,"133":3,"134":3,"139":3,"143":1,"144":3,"145":1,"149":1,"150":1,"158":1,"160":1,"161":1,"162":1,"164":1,"166":1,"258":1,"259":1,"271":1,"274":6,"275":6,"277":1,"279":2,"281":1,"283":2,"288":1,"289":1,"291":1,"296":1,"303":1,"306":1,"307":1,"310":1,"311":1,"313":1,"314":1,"315":1,"316":1,"317":1,"318":1,"319":1,"321":1,"322":1,"324":1}},"/home/travis/build/npmtest/node-npmtest-follow/node_modules/follow/api.js":{"path":"/home/travis/build/npmtest/node-npmtest-follow/node_modules/follow/api.js","s":{"1":1,"2":1,"3":0,"4":0,"5":0,"6":0,"7":0,"8":0,"9":0,"10":0,"11":1,"12":1,"13":1},"b":{"1":[0,0],"2":[0,0]},"f":{"1":0,"2":0,"3":0,"4":0},"fnMap":{"1":{"name":"follow_feed","line":20,"loc":{"start":{"line":20,"column":0},"end":{"line":20,"column":31}}},"2":{"name":"(anonymous_2)","line":22,"loc":{"start":{"line":22,"column":23},"end":{"line":22,"column":36}}},"3":{"name":"(anonymous_3)","line":23,"loc":{"start":{"line":23,"column":23},"end":{"line":23,"column":36}}},"4":{"name":"(anonymous_4)","line":26,"loc":{"start":{"line":26,"column":19},"end":{"line":26,"column":30}}}},"statementMap":{"1":{"start":{"line":17,"column":0},"end":{"line":18,"column":36}},"2":{"start":{"line":20,"column":0},"end":{"line":31,"column":1}},"3":{"start":{"line":21,"column":2},"end":{"line":21,"column":36}},"4":{"start":{"line":22,"column":2},"end":{"line":22,"column":75}},"5":{"start":{"line":22,"column":38},"end":{"line":22,"column":72}},"6":{"start":{"line":23,"column":2},"end":{"line":23,"column":81}},"7":{"start":{"line":23,"column":38},"end":{"line":23,"column":78}},"8":{"start":{"line":26,"column":2},"end":{"line":28,"column":4}},"9":{"start":{"line":27,"column":4},"end":{"line":27,"column":21}},"10":{"start":{"line":30,"column":2},"end":{"line":30,"column":17}},"11":{"start":{"line":33,"column":0},"end":{"line":33,"column":29}},"12":{"start":{"line":34,"column":0},"end":{"line":34,"column":32}},"13":{"start":{"line":35,"column":0},"end":{"line":35,"column":39}}},"branchMap":{"1":{"line":22,"type":"binary-expr","locations":[{"start":{"line":22,"column":45},"end":{"line":22,"column":47}},{"start":{"line":22,"column":51},"end":{"line":22,"column":71}}]},"2":{"line":23,"type":"binary-expr","locations":[{"start":{"line":23,"column":45},"end":{"line":23,"column":47}},{"start":{"line":23,"column":51},"end":{"line":23,"column":77}}]}},"code":["// The changes_couchdb API","//","// Copyright 2011 Jason Smith, Jarrett Cruger and contributors","//","//    Licensed under the Apache License, Version 2.0 (the \"License\");","//    you may not use this file except in compliance with the License.","//    You may obtain a copy of the License at","//","//        http://www.apache.org/licenses/LICENSE-2.0","//","//    Unless required by applicable law or agreed to in writing, software","//    distributed under the License is distributed on an \"AS IS\" BASIS,","//    WITHOUT WARRANTIES OR CONDITIONS OF ANY KIND, either express or implied.","//    See the License for the specific language governing permissions and","//    limitations under the License.","","var feed = require('./lib/feed')","  , stream = require('./lib/stream')","","function follow_feed(opts, cb) {","  var ch_feed = new feed.Feed(opts);","  ch_feed.on('error' , function(er) { return cb && cb.call(ch_feed, er) });","  ch_feed.on('change', function(ch) { return cb && cb.call(ch_feed, null, ch) });","","  // Give the caller a chance to hook into any events.","  process.nextTick(function() {","    ch_feed.follow();","  })","","  return ch_feed;","}","","module.exports = follow_feed;","module.exports.Feed = feed.Feed;","module.exports.Changes = stream.Changes",""],"l":{"17":1,"20":1,"21":0,"22":0,"23":0,"26":0,"27":0,"30":0,"33":1,"34":1,"35":1}},"/home/travis/build/npmtest/node-npmtest-follow/node_modules/follow/lib/feed.js":{"path":"/home/travis/build/npmtest/node-npmtest-follow/node_modules/follow/lib/feed.js","s":{"1":1,"2":1,"3":1,"4":1,"5":1,"6":1,"7":1,"8":1,"9":1,"10":1,"11":1,"12":0,"13":0,"14":0,"15":0,"16":0,"17":0,"18":0,"19":0,"20":0,"21":0,"22":0,"23":0,"24":0,"25":0,"26":0,"27":0,"28":0,"29":0,"30":0,"31":0,"32":0,"33":0,"34":1,"35":0,"36":0,"37":0,"38":0,"39":0,"40":0,"41":0,"42":0,"43":0,"44":0,"45":0,"46":0,"47":0,"48":0,"49":0,"50":0,"51":0,"52":0,"53":1,"54":0,"55":0,"56":0,"57":0,"58":0,"59":0,"60":0,"61":0,"62":0,"63":0,"64":0,"65":0,"66":0,"67":0,"68":0,"69":1,"70":0,"71":0,"72":0,"73":0,"74":0,"75":0,"76":0,"77":0,"78":0,"79":0,"80":0,"81":0,"82":0,"83":0,"84":0,"85":0,"86":0,"87":0,"88":0,"89":0,"90":0,"91":0,"92":0,"93":0,"94":0,"95":0,"96":0,"97":0,"98":0,"99":0,"100":1,"101":0,"102":0,"103":0,"104":0,"105":0,"106":0,"107":0,"108":0,"109":0,"110":0,"111":0,"112":0,"113":0,"114":0,"115":0,"116":0,"117":0,"118":0,"119":0,"120":0,"121":0,"122":0,"123":0,"124":0,"125":0,"126":0,"127":0,"128":0,"129":0,"130":1,"131":0,"132":0,"133":0,"134":1,"135":0,"136":0,"137":0,"138":0,"139":0,"140":0,"141":0,"142":0,"143":0,"144":0,"145":0,"146":0,"147":0,"148":0,"149":0,"150":0,"151":0,"152":0,"153":0,"154":0,"155":0,"156":0,"157":0,"158":0,"159":0,"160":0,"161":1,"162":0,"163":0,"164":0,"165":0,"166":0,"167":0,"168":0,"169":0,"170":0,"171":0,"172":0,"173":0,"174":0,"175":0,"176":0,"177":0,"178":0,"179":0,"180":1,"181":0,"182":0,"183":0,"184":1,"185":0,"186":0,"187":0,"188":0,"189":0,"190":0,"191":0,"192":0,"193":0,"194":0,"195":0,"196":0,"197":0,"198":1,"199":0,"200":0,"201":0,"202":0,"203":0,"204":0,"205":0,"206":0,"207":0,"208":0,"209":0,"210":0,"211":0,"212":1,"213":0,"214":0,"215":0,"216":0,"217":0,"218":0,"219":1,"220":0,"221":0,"222":0,"223":0,"224":0,"225":0,"226":0,"227":1,"228":0,"229":0,"230":0,"231":0,"232":0,"233":0,"234":0,"235":1,"236":0,"237":0,"238":0,"239":0,"240":0,"241":0,"242":0,"243":0,"244":1,"245":0,"246":0,"247":0,"248":0,"249":0,"250":0,"251":0,"252":0,"253":0,"254":0,"255":0,"256":0,"257":0,"258":0,"259":0,"260":0,"261":0,"262":0,"263":1,"264":0,"265":0,"266":0,"267":0,"268":0,"269":0,"270":0,"271":0,"272":0,"273":1,"274":0,"275":0,"276":0,"277":0,"278":0,"279":0,"280":0,"281":0,"282":0,"283":0,"284":0,"285":1,"286":0,"287":0,"288":0,"289":0,"290":1,"291":0,"292":0,"293":0,"294":1,"295":0,"296":0,"297":0,"298":0,"299":1,"300":0,"301":0,"302":0,"303":0,"304":0,"305":0,"306":0,"307":0,"308":0,"309":0,"310":0,"311":0,"312":0,"313":0,"314":0,"315":0,"316":1,"317":0,"318":0,"319":0,"320":0,"321":0,"322":0,"323":0,"324":0,"325":0,"326":0,"327":0,"328":0,"329":0,"330":0,"331":0,"332":0,"333":0,"334":0,"335":0,"336":0,"337":0,"338":0,"339":0,"340":0,"341":0,"342":0,"343":0,"344":0,"345":1,"346":0,"347":0,"348":0,"349":0,"350":0,"351":0,"352":0,"353":0,"354":0,"355":0,"356":0,"357":0,"358":0,"359":1,"360":0,"361":0,"362":0,"363":0,"364":0,"365":0,"366":0,"367":0,"368":0,"369":1,"370":0,"371":0,"372":0,"373":0,"374":0,"375":0,"376":1,"377":0,"378":0,"379":0,"380":0,"381":0,"382":1,"383":1,"384":0,"385":0,"386":0,"387":0,"388":1,"389":0,"390":0,"391":0,"392":0,"393":0,"394":0},"b":{"1":[1,1],"2":[0,0],"3":[0,0],"4":[0,0],"5":[0,0],"6":[0,0],"7":[0,0],"8":[0,0],"9":[0,0],"10":[0,0,0],"11":[0,0],"12":[0,0],"13":[0,0],"14":[0,0],"15":[0,0],"16":[0,0],"17":[0,0],"18":[0,0],"19":[0,0],"20":[0,0],"21":[0,0],"22":[0,0,0,0],"23":[0,0],"24":[0,0,0],"25":[0,0],"26":[0,0],"27":[0,0],"28":[0,0],"29":[0,0],"30":[0,0],"31":[0,0],"32":[0,0],"33":[0,0],"34":[0,0],"35":[0,0],"36":[0,0,0],"37":[0,0],"38":[0,0],"39":[0,0],"40":[0,0],"41":[0,0,0],"42":[0,0],"43":[0,0],"44":[0,0],"45":[0,0],"46":[0,0],"47":[0,0],"48":[0,0],"49":[0,0],"50":[0,0],"51":[0,0],"52":[0,0,0],"53":[0,0],"54":[0,0],"55":[0,0],"56":[0,0],"57":[0,0],"58":[0,0,0],"59":[0,0],"60":[0,0],"61":[0,0],"62":[0,0,0],"63":[0,0],"64":[0,0],"65":[0,0],"66":[0,0],"67":[0,0],"68":[0,0],"69":[0,0],"70":[0,0],"71":[0,0],"72":[0,0],"73":[0,0],"74":[0,0],"75":[0,0],"76":[0,0],"77":[0,0],"78":[0,0],"79":[0,0],"80":[0,0],"81":[0,0],"82":[0,0],"83":[0,0],"84":[0,0],"85":[0,0,0],"86":[0,0],"87":[0,0],"88":[0,0],"89":[0,0],"90":[0,0],"91":[0,0],"92":[0,0],"93":[0,0],"94":[0,0],"95":[0,0],"96":[0,0],"97":[0,0],"98":[0,0],"99":[0,0]},"f":{"1":0,"2":0,"3":0,"4":0,"5":0,"6":0,"7":0,"8":0,"9":0,"10":0,"11":0,"12":0,"13":0,"14":0,"15":0,"16":0,"17":0,"18":0,"19":0,"20":0,"21":0,"22":0,"23":0,"24":0,"25":0,"26":0,"27":0,"28":0,"29":0,"30":0,"31":0,"32":0,"33":0,"34":0,"35":0,"36":0,"37":0,"38":0,"39":0,"40":0},"fnMap":{"1":{"name":"Feed","line":40,"loc":{"start":{"line":40,"column":0},"end":{"line":40,"column":21}}},"2":{"name":"(anonymous_2)","line":66,"loc":{"start":{"line":66,"column":28},"end":{"line":66,"column":42}}},"3":{"name":"follow_feed","line":77,"loc":{"start":{"line":77,"column":24},"end":{"line":77,"column":47}}},"4":{"name":"confirm_feed","line":106,"loc":{"start":{"line":106,"column":25},"end":{"line":106,"column":49}}},"5":{"name":"(anonymous_5)","line":116,"loc":{"start":{"line":116,"column":30},"end":{"line":116,"column":41}}},"6":{"name":"(anonymous_6)","line":125,"loc":{"start":{"line":125,"column":36},"end":{"line":125,"column":50}}},"7":{"name":"db_response","line":132,"loc":{"start":{"line":132,"column":2},"end":{"line":132,"column":39}}},"8":{"name":"query_feed","line":183,"loc":{"start":{"line":183,"column":23},"end":{"line":183,"column":45}}},"9":{"name":"(anonymous_9)","line":188,"loc":{"start":{"line":188,"column":26},"end":{"line":188,"column":40}}},"10":{"name":"(anonymous_10)","line":216,"loc":{"start":{"line":216,"column":36},"end":{"line":216,"column":50}}},"11":{"name":"(anonymous_11)","line":227,"loc":{"start":{"line":227,"column":30},"end":{"line":227,"column":44}}},"12":{"name":"response_timed_out","line":243,"loc":{"start":{"line":243,"column":2},"end":{"line":243,"column":32}}},"13":{"name":"on_feed_response","line":249,"loc":{"start":{"line":249,"column":2},"end":{"line":249,"column":44}}},"14":{"name":"(anonymous_14)","line":284,"loc":{"start":{"line":284,"column":24},"end":{"line":284,"column":35}}},"15":{"name":"prep_request","line":289,"loc":{"start":{"line":289,"column":22},"end":{"line":289,"column":60}}},"16":{"name":"(anonymous_16)","line":308,"loc":{"start":{"line":308,"column":39},"end":{"line":308,"column":50}}},"17":{"name":"handler_for","line":318,"loc":{"start":{"line":318,"column":2},"end":{"line":318,"column":27}}},"18":{"name":"handle_confirmed_req_event","line":323,"loc":{"start":{"line":323,"column":4},"end":{"line":323,"column":42}}},"19":{"name":"wait_for_event","line":347,"loc":{"start":{"line":347,"column":22},"end":{"line":347,"column":48}}},"20":{"name":"(anonymous_20)","line":362,"loc":{"start":{"line":362,"column":39},"end":{"line":362,"column":50}}},"21":{"name":"(anonymous_21)","line":365,"loc":{"start":{"line":365,"column":30},"end":{"line":365,"column":41}}},"22":{"name":"(anonymous_22)","line":381,"loc":{"start":{"line":381,"column":23},"end":{"line":381,"column":34}}},"23":{"name":"(anonymous_23)","line":396,"loc":{"start":{"line":396,"column":24},"end":{"line":396,"column":35}}},"24":{"name":"on_couch_heartbeat","line":412,"loc":{"start":{"line":412,"column":36},"end":{"line":412,"column":66}}},"25":{"name":"on_couch_data","line":426,"loc":{"start":{"line":426,"column":31},"end":{"line":426,"column":62}}},"26":{"name":"on_timeout","line":459,"loc":{"start":{"line":459,"column":28},"end":{"line":459,"column":50}}},"27":{"name":"retry","line":483,"loc":{"start":{"line":483,"column":23},"end":{"line":483,"column":40}}},"28":{"name":"(anonymous_28)","line":492,"loc":{"start":{"line":492,"column":32},"end":{"line":492,"column":43}}},"29":{"name":"on_couch_end","line":500,"loc":{"start":{"line":500,"column":30},"end":{"line":500,"column":54}}},"30":{"name":"on_couch_error","line":508,"loc":{"start":{"line":508,"column":32},"end":{"line":508,"column":60}}},"31":{"name":"(anonymous_31)","line":515,"loc":{"start":{"line":515,"column":22},"end":{"line":515,"column":36}}},"32":{"name":"(anonymous_32)","line":524,"loc":{"start":{"line":524,"column":21},"end":{"line":524,"column":34}}},"33":{"name":"on_change","line":551,"loc":{"start":{"line":551,"column":27},"end":{"line":551,"column":54}}},"34":{"name":"on_good_change","line":599,"loc":{"start":{"line":599,"column":32},"end":{"line":599,"column":64}}},"35":{"name":"(anonymous_35)","line":608,"loc":{"start":{"line":608,"column":39},"end":{"line":608,"column":50}}},"36":{"name":"check_for_catchup","line":620,"loc":{"start":{"line":620,"column":35},"end":{"line":620,"column":67}}},"37":{"name":"on_inactivity","line":634,"loc":{"start":{"line":634,"column":31},"end":{"line":634,"column":56}}},"38":{"name":"restart","line":649,"loc":{"start":{"line":649,"column":25},"end":{"line":649,"column":44}}},"39":{"name":"destroy_req","line":668,"loc":{"start":{"line":668,"column":0},"end":{"line":668,"column":26}}},"40":{"name":"destroy_response","line":676,"loc":{"start":{"line":676,"column":0},"end":{"line":676,"column":36}}}},"statementMap":{"1":{"start":{"line":17,"column":0},"end":{"line":22,"column":40}},"2":{"start":{"line":25,"column":0},"end":{"line":26,"column":35}},"3":{"start":{"line":28,"column":0},"end":{"line":28,"column":30}},"4":{"start":{"line":29,"column":0},"end":{"line":29,"column":41}},"5":{"start":{"line":30,"column":0},"end":{"line":30,"column":44}},"6":{"start":{"line":31,"column":0},"end":{"line":31,"column":41}},"7":{"start":{"line":32,"column":0},"end":{"line":32,"column":41}},"8":{"start":{"line":34,"column":0},"end":{"line":34,"column":156}},"9":{"start":{"line":36,"column":0},"end":{"line":36,"column":63}},"10":{"start":{"line":39,"column":0},"end":{"line":39,"column":34}},"11":{"start":{"line":40,"column":0},"end":{"line":74,"column":1}},"12":{"start":{"line":41,"column":2},"end":{"line":41,"column":18}},"13":{"start":{"line":42,"column":2},"end":{"line":42,"column":26}},"14":{"start":{"line":44,"column":2},"end":{"line":44,"column":19}},"15":{"start":{"line":46,"column":2},"end":{"line":46,"column":27}},"16":{"start":{"line":47,"column":2},"end":{"line":47,"column":63}},"17":{"start":{"line":48,"column":2},"end":{"line":48,"column":79}},"18":{"start":{"line":49,"column":2},"end":{"line":49,"column":28}},"19":{"start":{"line":50,"column":2},"end":{"line":50,"column":77}},"20":{"start":{"line":51,"column":2},"end":{"line":51,"column":77}},"21":{"start":{"line":53,"column":2},"end":{"line":53,"column":20}},"22":{"start":{"line":54,"column":2},"end":{"line":54,"column":35}},"23":{"start":{"line":56,"column":2},"end":{"line":56,"column":17}},"24":{"start":{"line":57,"column":2},"end":{"line":57,"column":24}},"25":{"start":{"line":58,"column":2},"end":{"line":58,"column":24}},"26":{"start":{"line":59,"column":2},"end":{"line":59,"column":46}},"27":{"start":{"line":61,"column":2},"end":{"line":61,"column":25}},"28":{"start":{"line":63,"column":2},"end":{"line":64,"column":24}},"29":{"start":{"line":64,"column":4},"end":{"line":64,"column":24}},"30":{"start":{"line":66,"column":2},"end":{"line":69,"column":4}},"31":{"start":{"line":67,"column":4},"end":{"line":68,"column":28}},"32":{"start":{"line":68,"column":6},"end":{"line":68,"column":28}},"33":{"start":{"line":71,"column":2},"end":{"line":73,"column":19}},"34":{"start":{"line":76,"column":0},"end":{"line":104,"column":1}},"35":{"start":{"line":78,"column":2},"end":{"line":78,"column":18}},"36":{"start":{"line":80,"column":2},"end":{"line":80,"column":43}},"37":{"start":{"line":81,"column":2},"end":{"line":81,"column":17}},"38":{"start":{"line":82,"column":2},"end":{"line":82,"column":17}},"39":{"start":{"line":84,"column":2},"end":{"line":85,"column":45}},"40":{"start":{"line":85,"column":4},"end":{"line":85,"column":45}},"41":{"start":{"line":87,"column":2},"end":{"line":88,"column":30}},"42":{"start":{"line":88,"column":4},"end":{"line":88,"column":30}},"43":{"start":{"line":90,"column":2},"end":{"line":91,"column":22}},"44":{"start":{"line":91,"column":4},"end":{"line":91,"column":22}},"45":{"start":{"line":93,"column":2},"end":{"line":94,"column":83}},"46":{"start":{"line":94,"column":4},"end":{"line":94,"column":83}},"47":{"start":{"line":96,"column":2},"end":{"line":97,"column":50}},"48":{"start":{"line":97,"column":4},"end":{"line":97,"column":50}},"49":{"start":{"line":99,"column":2},"end":{"line":99,"column":43}},"50":{"start":{"line":100,"column":2},"end":{"line":100,"column":60}},"51":{"start":{"line":102,"column":2},"end":{"line":102,"column":21}},"52":{"start":{"line":103,"column":2},"end":{"line":103,"column":24}},"53":{"start":{"line":106,"column":0},"end":{"line":181,"column":1}},"54":{"start":{"line":107,"column":2},"end":{"line":107,"column":18}},"55":{"start":{"line":109,"column":2},"end":{"line":109,"column":42}},"56":{"start":{"line":111,"column":2},"end":{"line":111,"column":60}},"57":{"start":{"line":113,"column":2},"end":{"line":113,"column":63}},"58":{"start":{"line":115,"column":2},"end":{"line":115,"column":43}},"59":{"start":{"line":116,"column":2},"end":{"line":118,"column":22}},"60":{"start":{"line":117,"column":4},"end":{"line":117,"column":87}},"61":{"start":{"line":120,"column":2},"end":{"line":120,"column":45}},"62":{"start":{"line":121,"column":2},"end":{"line":121,"column":38}},"63":{"start":{"line":123,"column":2},"end":{"line":123,"column":81}},"64":{"start":{"line":124,"column":2},"end":{"line":124,"column":42}},"65":{"start":{"line":125,"column":2},"end":{"line":127,"column":4}},"66":{"start":{"line":126,"column":4},"end":{"line":126,"column":33}},"67":{"start":{"line":129,"column":2},"end":{"line":129,"column":33}},"68":{"start":{"line":130,"column":2},"end":{"line":130,"column":35}},"69":{"start":{"line":132,"column":2},"end":{"line":180,"column":3}},"70":{"start":{"line":133,"column":4},"end":{"line":133,"column":29}},"71":{"start":{"line":135,"column":4},"end":{"line":136,"column":26}},"72":{"start":{"line":136,"column":6},"end":{"line":136,"column":26}},"73":{"start":{"line":138,"column":4},"end":{"line":138,"column":11}},"74":{"start":{"line":139,"column":4},"end":{"line":143,"column":5}},"75":{"start":{"line":140,"column":6},"end":{"line":140,"column":27}},"76":{"start":{"line":142,"column":6},"end":{"line":142,"column":40}},"77":{"start":{"line":145,"column":4},"end":{"line":146,"column":71}},"78":{"start":{"line":146,"column":6},"end":{"line":146,"column":71}},"79":{"start":{"line":148,"column":4},"end":{"line":149,"column":75}},"80":{"start":{"line":149,"column":6},"end":{"line":149,"column":75}},"81":{"start":{"line":151,"column":4},"end":{"line":152,"column":42}},"82":{"start":{"line":152,"column":6},"end":{"line":152,"column":42}},"83":{"start":{"line":154,"column":4},"end":{"line":154,"column":66}},"84":{"start":{"line":155,"column":4},"end":{"line":155,"column":29}},"85":{"start":{"line":157,"column":4},"end":{"line":160,"column":5}},"86":{"start":{"line":158,"column":6},"end":{"line":158,"column":71}},"87":{"start":{"line":159,"column":6},"end":{"line":159,"column":21}},"88":{"start":{"line":162,"column":4},"end":{"line":171,"column":5}},"89":{"start":{"line":163,"column":6},"end":{"line":163,"column":81}},"90":{"start":{"line":164,"column":6},"end":{"line":164,"column":32}},"91":{"start":{"line":165,"column":11},"end":{"line":171,"column":5}},"92":{"start":{"line":166,"column":6},"end":{"line":167,"column":83}},"93":{"start":{"line":167,"column":8},"end":{"line":167,"column":83}},"94":{"start":{"line":169,"column":6},"end":{"line":169,"column":100}},"95":{"start":{"line":170,"column":6},"end":{"line":170,"column":49}},"96":{"start":{"line":174,"column":4},"end":{"line":177,"column":5}},"97":{"start":{"line":175,"column":6},"end":{"line":175,"column":27}},"98":{"start":{"line":176,"column":6},"end":{"line":176,"column":41}},"99":{"start":{"line":179,"column":4},"end":{"line":179,"column":24}},"100":{"start":{"line":183,"column":0},"end":{"line":287,"column":1}},"101":{"start":{"line":184,"column":2},"end":{"line":184,"column":18}},"102":{"start":{"line":186,"column":2},"end":{"line":186,"column":67}},"103":{"start":{"line":188,"column":2},"end":{"line":191,"column":4}},"104":{"start":{"line":189,"column":4},"end":{"line":190,"column":36}},"105":{"start":{"line":190,"column":6},"end":{"line":190,"column":36}},"106":{"start":{"line":193,"column":2},"end":{"line":194,"column":31}},"107":{"start":{"line":194,"column":4},"end":{"line":194,"column":31}},"108":{"start":{"line":196,"column":2},"end":{"line":199,"column":3}},"109":{"start":{"line":197,"column":4},"end":{"line":197,"column":67}},"110":{"start":{"line":198,"column":4},"end":{"line":198,"column":37}},"111":{"start":{"line":202,"column":2},"end":{"line":202,"column":22}},"112":{"start":{"line":203,"column":2},"end":{"line":204,"column":35}},"113":{"start":{"line":204,"column":4},"end":{"line":204,"column":35}},"114":{"start":{"line":206,"column":2},"end":{"line":206,"column":111}},"115":{"start":{"line":208,"column":2},"end":{"line":208,"column":66}},"116":{"start":{"line":209,"column":2},"end":{"line":213,"column":13}},"117":{"start":{"line":215,"column":2},"end":{"line":215,"column":35}},"118":{"start":{"line":216,"column":2},"end":{"line":218,"column":4}},"119":{"start":{"line":217,"column":4},"end":{"line":217,"column":33}},"120":{"start":{"line":220,"column":2},"end":{"line":222,"column":85}},"121":{"start":{"line":224,"column":2},"end":{"line":224,"column":76}},"122":{"start":{"line":225,"column":2},"end":{"line":225,"column":33}},"123":{"start":{"line":227,"column":2},"end":{"line":233,"column":4}},"124":{"start":{"line":228,"column":4},"end":{"line":228,"column":61}},"125":{"start":{"line":229,"column":4},"end":{"line":229,"column":47}},"126":{"start":{"line":232,"column":4},"end":{"line":232,"column":41}},"127":{"start":{"line":235,"column":2},"end":{"line":235,"column":44}},"128":{"start":{"line":238,"column":2},"end":{"line":239,"column":23}},"129":{"start":{"line":241,"column":2},"end":{"line":241,"column":41}},"130":{"start":{"line":243,"column":2},"end":{"line":247,"column":3}},"131":{"start":{"line":244,"column":4},"end":{"line":244,"column":57}},"132":{"start":{"line":245,"column":4},"end":{"line":245,"column":20}},"133":{"start":{"line":246,"column":4},"end":{"line":246,"column":23}},"134":{"start":{"line":249,"column":2},"end":{"line":286,"column":3}},"135":{"start":{"line":250,"column":4},"end":{"line":250,"column":32}},"136":{"start":{"line":252,"column":4},"end":{"line":253,"column":107}},"137":{"start":{"line":253,"column":6},"end":{"line":253,"column":107}},"138":{"start":{"line":255,"column":4},"end":{"line":258,"column":5}},"139":{"start":{"line":256,"column":6},"end":{"line":256,"column":59}},"140":{"start":{"line":257,"column":6},"end":{"line":257,"column":36}},"141":{"start":{"line":260,"column":4},"end":{"line":264,"column":5}},"142":{"start":{"line":261,"column":6},"end":{"line":261,"column":67}},"143":{"start":{"line":262,"column":6},"end":{"line":262,"column":29}},"144":{"start":{"line":263,"column":6},"end":{"line":263,"column":26}},"145":{"start":{"line":266,"column":4},"end":{"line":270,"column":5}},"146":{"start":{"line":267,"column":6},"end":{"line":267,"column":81}},"147":{"start":{"line":268,"column":6},"end":{"line":268,"column":29}},"148":{"start":{"line":269,"column":6},"end":{"line":269,"column":26}},"149":{"start":{"line":272,"column":4},"end":{"line":272,"column":48}},"150":{"start":{"line":273,"column":4},"end":{"line":273,"column":48}},"151":{"start":{"line":275,"column":4},"end":{"line":275,"column":32}},"152":{"start":{"line":277,"column":4},"end":{"line":277,"column":36}},"153":{"start":{"line":278,"column":4},"end":{"line":278,"column":66}},"154":{"start":{"line":279,"column":4},"end":{"line":279,"column":56}},"155":{"start":{"line":280,"column":4},"end":{"line":280,"column":35}},"156":{"start":{"line":281,"column":4},"end":{"line":281,"column":37}},"157":{"start":{"line":283,"column":4},"end":{"line":283,"column":35}},"158":{"start":{"line":284,"column":4},"end":{"line":284,"column":53}},"159":{"start":{"line":284,"column":37},"end":{"line":284,"column":52}},"160":{"start":{"line":285,"column":4},"end":{"line":285,"column":36}},"161":{"start":{"line":289,"column":0},"end":{"line":345,"column":1}},"162":{"start":{"line":290,"column":2},"end":{"line":290,"column":18}},"163":{"start":{"line":292,"column":2},"end":{"line":292,"column":21}},"164":{"start":{"line":293,"column":2},"end":{"line":293,"column":40}},"165":{"start":{"line":294,"column":2},"end":{"line":294,"column":33}},"166":{"start":{"line":295,"column":2},"end":{"line":295,"column":34}},"167":{"start":{"line":298,"column":2},"end":{"line":301,"column":17}},"168":{"start":{"line":299,"column":4},"end":{"line":299,"column":16}},"169":{"start":{"line":301,"column":4},"end":{"line":301,"column":17}},"170":{"start":{"line":305,"column":2},"end":{"line":305,"column":23}},"171":{"start":{"line":306,"column":2},"end":{"line":309,"column":3}},"172":{"start":{"line":307,"column":4},"end":{"line":307,"column":40}},"173":{"start":{"line":308,"column":4},"end":{"line":308,"column":96}},"174":{"start":{"line":308,"column":52},"end":{"line":308,"column":73}},"175":{"start":{"line":311,"column":2},"end":{"line":311,"column":58}},"176":{"start":{"line":312,"column":2},"end":{"line":312,"column":50}},"177":{"start":{"line":313,"column":2},"end":{"line":313,"column":48}},"178":{"start":{"line":314,"column":2},"end":{"line":314,"column":46}},"179":{"start":{"line":316,"column":2},"end":{"line":316,"column":21}},"180":{"start":{"line":318,"column":2},"end":{"line":344,"column":3}},"181":{"start":{"line":319,"column":4},"end":{"line":319,"column":32}},"182":{"start":{"line":320,"column":4},"end":{"line":320,"column":35}},"183":{"start":{"line":322,"column":4},"end":{"line":322,"column":38}},"184":{"start":{"line":323,"column":4},"end":{"line":343,"column":5}},"185":{"start":{"line":324,"column":6},"end":{"line":325,"column":52}},"186":{"start":{"line":325,"column":8},"end":{"line":325,"column":52}},"187":{"start":{"line":327,"column":6},"end":{"line":328,"column":73}},"188":{"start":{"line":328,"column":8},"end":{"line":328,"column":73}},"189":{"start":{"line":330,"column":6},"end":{"line":330,"column":69}},"190":{"start":{"line":331,"column":6},"end":{"line":331,"column":32}},"191":{"start":{"line":332,"column":6},"end":{"line":333,"column":88}},"192":{"start":{"line":333,"column":8},"end":{"line":333,"column":88}},"193":{"start":{"line":335,"column":6},"end":{"line":335,"column":99}},"194":{"start":{"line":337,"column":6},"end":{"line":340,"column":7}},"195":{"start":{"line":338,"column":8},"end":{"line":338,"column":66}},"196":{"start":{"line":339,"column":8},"end":{"line":339,"column":42}},"197":{"start":{"line":342,"column":6},"end":{"line":342,"column":42}},"198":{"start":{"line":347,"column":0},"end":{"line":363,"column":1}},"199":{"start":{"line":348,"column":2},"end":{"line":348,"column":18}},"200":{"start":{"line":349,"column":2},"end":{"line":349,"column":20}},"201":{"start":{"line":351,"column":2},"end":{"line":352,"column":110}},"202":{"start":{"line":352,"column":4},"end":{"line":352,"column":110}},"203":{"start":{"line":354,"column":2},"end":{"line":354,"column":66}},"204":{"start":{"line":355,"column":2},"end":{"line":355,"column":64}},"205":{"start":{"line":356,"column":2},"end":{"line":356,"column":55}},"206":{"start":{"line":357,"column":2},"end":{"line":358,"column":48}},"207":{"start":{"line":358,"column":4},"end":{"line":358,"column":48}},"208":{"start":{"line":359,"column":2},"end":{"line":359,"column":29}},"209":{"start":{"line":361,"column":2},"end":{"line":361,"column":22}},"210":{"start":{"line":362,"column":2},"end":{"line":362,"column":85}},"211":{"start":{"line":362,"column":52},"end":{"line":362,"column":70}},"212":{"start":{"line":365,"column":0},"end":{"line":378,"column":1}},"213":{"start":{"line":366,"column":2},"end":{"line":366,"column":17}},"214":{"start":{"line":368,"column":2},"end":{"line":369,"column":10}},"215":{"start":{"line":369,"column":4},"end":{"line":369,"column":10}},"216":{"start":{"line":375,"column":2},"end":{"line":375,"column":39}},"217":{"start":{"line":376,"column":2},"end":{"line":376,"column":32}},"218":{"start":{"line":377,"column":2},"end":{"line":377,"column":37}},"219":{"start":{"line":381,"column":0},"end":{"line":394,"column":1}},"220":{"start":{"line":382,"column":2},"end":{"line":383,"column":33}},"221":{"start":{"line":386,"column":2},"end":{"line":386,"column":23}},"222":{"start":{"line":387,"column":2},"end":{"line":390,"column":48}},"223":{"start":{"line":388,"column":4},"end":{"line":388,"column":32}},"224":{"start":{"line":390,"column":4},"end":{"line":390,"column":48}},"225":{"start":{"line":392,"column":2},"end":{"line":393,"column":22}},"226":{"start":{"line":393,"column":4},"end":{"line":393,"column":22}},"227":{"start":{"line":396,"column":0},"end":{"line":409,"column":1}},"228":{"start":{"line":397,"column":2},"end":{"line":398,"column":33}},"229":{"start":{"line":401,"column":2},"end":{"line":401,"column":24}},"230":{"start":{"line":402,"column":2},"end":{"line":403,"column":23}},"231":{"start":{"line":403,"column":4},"end":{"line":403,"column":23}},"232":{"start":{"line":405,"column":2},"end":{"line":408,"column":49}},"233":{"start":{"line":406,"column":4},"end":{"line":406,"column":33}},"234":{"start":{"line":408,"column":4},"end":{"line":408,"column":49}},"235":{"start":{"line":412,"column":0},"end":{"line":424,"column":1}},"236":{"start":{"line":413,"column":2},"end":{"line":413,"column":17}},"237":{"start":{"line":415,"column":2},"end":{"line":415,"column":21}},"238":{"start":{"line":416,"column":2},"end":{"line":417,"column":68}},"239":{"start":{"line":417,"column":4},"end":{"line":417,"column":68}},"240":{"start":{"line":419,"column":2},"end":{"line":419,"column":24}},"241":{"start":{"line":421,"column":2},"end":{"line":422,"column":74}},"242":{"start":{"line":422,"column":4},"end":{"line":422,"column":74}},"243":{"start":{"line":423,"column":2},"end":{"line":423,"column":13}},"244":{"start":{"line":426,"column":0},"end":{"line":457,"column":1}},"245":{"start":{"line":427,"column":2},"end":{"line":427,"column":18}},"246":{"start":{"line":428,"column":2},"end":{"line":428,"column":59}},"247":{"start":{"line":430,"column":2},"end":{"line":430,"column":21}},"248":{"start":{"line":431,"column":2},"end":{"line":432,"column":63}},"249":{"start":{"line":432,"column":4},"end":{"line":432,"column":63}},"250":{"start":{"line":435,"colu
[...]
"column":473}}]},"233":{"line":30,"type":"if","locations":[{"start":{"line":30,"column":474},"end":{"line":30,"column":474}},{"start":{"line":30,"column":474},"end":{"line":30,"column":474}}]},"234":{"line":31,"type":"if","locations":[{"start":{"line":31,"column":75},"end":{"line":31,"column":75}},{"start":{"line":31,"column":75},"end":{"line":31,"column":75}}]},"235":{"line":31,"type":"binary-expr","locations":[{"start":{"line":31,"column":78},"end":{"line":31,"column":87}},{"start":{"line":31,"column":89},"end":{"line":31,"column":103}}]},"236":{"line":31,"type":"if","locations":[{"start":{"line":31,"column":186},"end":{"line":31,"column":186}},{"start":{"line":31,"column":186},"end":{"line":31,"column":186}}]},"237":{"line":31,"type":"binary-expr","locations":[{"start":{"line":31,"column":189},"end":{"line":31,"column":203}},{"start":{"line":31,"column":205},"end":{"line":31,"column":213}}]},"238":{"line":31,"type":"if","locations":[{"start":{"line":31,"column":215},"end":{"line":31,"column":215}},{"start":{"line":31,"column":215},"end":{"line":31,"column":215}}]},"239":{"line":31,"type":"if","locations":[{"start":{"line":31,"column":291},"end":{"line":31,"column":291}},{"start":{"line":31,"column":291},"end":{"line":31,"column":291}}]},"240":{"line":31,"type":"binary-expr","locations":[{"start":{"line":31,"column":294},"end":{"line":31,"column":303}},{"start":{"line":31,"column":306},"end":{"line":31,"column":332}}]},"241":{"line":31,"type":"cond-expr","locations":[{"start":{"line":31,"column":419},"end":{"line":31,"column":422}},{"start":{"line":31,"column":423},"end":{"line":31,"column":443}}]},"242":{"line":31,"type":"binary-expr","locations":[{"start":{"line":31,"column":394},"end":{"line":31,"column":408}},{"start":{"line":31,"column":410},"end":{"line":31,"column":418}}]},"243":{"line":31,"type":"if","locations":[{"start":{"line":31,"column":454},"end":{"line":31,"column":454}},{"start":{"line":31,"column":454},"end":{"line":31,"column":454}}]},"244":{"line":31,"type":"if","locations":[{"start":{"line":31,"column":460},"end":{"line":31,"column":460}},{"start":{"line":31,"column":460},"end":{"line":31,"column":460}}]},"245":{"line":31,"type":"if","locations":[{"start":{"line":31,"column":490},"end":{"line":31,"column":490}},{"start":{"line":31,"column":490},"end":{"line":31,"column":490}}]},"246":{"line":32,"type":"binary-expr","locations":[{"start":{"line":32,"column":127},"end":{"line":32,"column":145}},{"start":{"line":32,"column":148},"end":{"line":32,"column":327}}]},"247":{"line":32,"type":"binary-expr","locations":[{"start":{"line":32,"column":190},"end":{"line":32,"column":205}},{"start":{"line":32,"column":208},"end":{"line":32,"column":326}}]},"248":{"line":32,"type":"binary-expr","locations":[{"start":{"line":32,"column":237},"end":{"line":32,"column":250}},{"start":{"line":32,"column":253},"end":{"line":32,"column":309}}]},"249":{"line":32,"type":"binary-expr","locations":[{"start":{"line":32,"column":329},"end":{"line":32,"column":361}},{"start":{"line":32,"column":363},"end":{"line":32,"column":377}}]},"250":{"line":32,"type":"if","locations":[{"start":{"line":32,"column":383},"end":{"line":32,"column":383}},{"start":{"line":32,"column":383},"end":{"line":32,"column":383}}]},"251":{"line":32,"type":"binary-expr","locations":[{"start":{"line":32,"column":386},"end":{"line":32,"column":395}},{"start":{"line":32,"column":397},"end":{"line":32,"column":428}}]},"252":{"line":32,"type":"binary-expr","locations":[{"start":{"line":32,"column":442},"end":{"line":32,"column":451}},{"start":{"line":32,"column":453},"end":{"line":32,"column":456}}]},"253":{"line":33,"type":"binary-expr","locations":[{"start":{"line":33,"column":39},"end":{"line":33,"column":52}},{"start":{"line":33,"column":54},"end":{"line":33,"column":64}}]}},"code":["/*"," RequireJS 0.26.0 Copyright (c) 2010-2011, The Dojo Foundation All Rights Reserved."," Available via the MIT or new BSD license."," see: http://github.com/jrburke/requirejs for details","*/","var requirejs,require,define;","(function(){function M(a){return $.call(a)===\"[object Function]\"}function E(a){return $.call(a)===\"[object Array]\"}function V(a,c,g){for(var e in c)if(!(e in J)&&(!(e in a)||g))a[e]=c[e];return d}function R(a,c,d){a=Error(c+\"\\nhttp://requirejs.org/docs/errors.html#\"+a);if(d)a.originalError=d;return a}function aa(a,c,d){var e,x,j;for(e=0;j=c[e];e++){j=typeof j===\"string\"?{name:j}:j;x=j.location;if(d&&(!x||x.indexOf(\"/\")!==0&&x.indexOf(\":\")===-1))x=d+\"/\"+(x||j.name);a[j.name]={name:j.name,location:x||","j.name,main:(j.main||\"main\").replace(fa,\"\").replace(ba,\"\")}}}function W(a,d){a.holdReady?a.holdReady(d):d?a.readyWait+=1:a.ready(!0)}function ga(a){function c(b,h){var n,o;if(b&&b.charAt(0)===\".\"&&h){p.pkgs[h]?h=[h]:(h=h.split(\"/\"),h=h.slice(0,h.length-1));n=b=h.concat(b.split(\"/\"));var a;for(o=0;a=n[o];o++)if(a===\".\")n.splice(o,1),o-=1;else if(a===\"..\")if(o===1&&(n[2]===\"..\"||n[0]===\"..\"))break;else o>0&&(n.splice(o-1,2),o-=2);o=p.pkgs[n=b[0]];b=b.join(\"/\");o&&b===n+\"/\"+o.main&&(b=n)}return b}function g(b,","h){var n=b?b.indexOf(\"!\"):-1,o=null,a=h?h.name:null,ha=b,g,l;n!==-1&&(o=b.substring(0,n),b=b.substring(n+1,b.length));o&&(o=c(o,a));b&&(g=o?(n=m[o])?n.normalize?n.normalize(b,function(b){return c(b,a)}):c(b,a):\"__$p\"+a+\"@\"+(b||\"\"):c(b,a),l=E[g],l||(l=d.toModuleUrl?d.toModuleUrl(f,g,h):f.nameToUrl(g,null,h),E[g]=l));return{prefix:o,name:g,parentMap:h,url:l,originalName:ha,fullName:o?o+\"!\"+(g||\"\"):g}}function e(){var b=!0,h=p.priorityWait,n,a;if(h){for(a=0;n=h[a];a++)if(!s[n]){b=!1;break}b&&delete p.priorityWait}return b}","function x(b){return function(h){b.exports=h}}function j(b,h,n){return function(){var a=[].concat(ia.call(arguments,0)),d;if(n&&M(d=a[a.length-1]))d.__requireJsBuild=!0;a.push(h);return b.apply(null,a)}}function q(b,h){var a=j(f.require,b,h);V(a,{nameToUrl:j(f.nameToUrl,b),toUrl:j(f.toUrl,b),defined:j(f.requireDefined,b),specified:j(f.requireSpecified,b),ready:d.ready,isBrowser:d.isBrowser});if(d.paths)a.paths=d.paths;return a}function v(b){var h=b.prefix,a=b.fullName;y[a]||a in m||(h&&!K[h]&&(K[h]=","void 0,(S[h]||(S[h]=[])).push(b),(t[h]||(t[h]=[])).push({onDep:function(b){if(b===h){var a,n,d,c,f,e,j=S[h];if(j)for(d=0;a=j[d];d++)if(b=a.fullName,a=g(a.originalName,a.parentMap),a=a.fullName,n=t[b]||[],c=t[a],a!==b){b in y&&(delete y[b],y[a]=!0);t[a]=c?c.concat(n):n;delete t[b];for(c=0;c<n.length;c++){e=n[c].depArray;for(f=0;f<e.length;f++)e[f]===b&&(e[f]=a)}}delete S[h]}}}),v(g(h))),f.paused.push(b))}function w(b){var h,a,c;h=b.callback;var k=b.fullName,e=[],j=b.depArray;if(h&&M(h)){if(j)for(h=","0;h<j.length;h++)e.push(b.deps[j[h]]);if(p.catchError.define)try{a=d.execCb(k,b.callback,e,m[k])}catch(l){c=l}else a=d.execCb(k,b.callback,e,m[k]);if(k)b.cjsModule&&b.cjsModule.exports!==void 0?a=m[k]=b.cjsModule.exports:a===void 0&&b.usingExports?a=m[k]:m[k]=a}else k&&(a=m[k]=h);if(F[b.waitId])delete F[b.waitId],b.isDone=!0,f.waitCount-=1,f.waitCount===0&&(I=[]);if(c)return a=(k?g(k).url:\"\")||c.fileName||c.sourceURL,c=R(\"defineerror\",'Error evaluating module \"'+k+'\" at location \"'+a+'\":\\n'+c+\"\\nfileName:\"+","a+\"\\nlineNumber: \"+(c.lineNumber||c.line),c),c.moduleName=k,d.onError(c);if(k&&(c=t[k])){for(h=0;h<c.length;h++)c[h].onDep(k,a);delete t[k]}}function z(b,a,c,d){var b=g(b,d),k=b.name,e=b.fullName,j={},l={waitId:k||ja+Q++,depCount:0,depMax:0,prefix:b.prefix,name:k,fullName:e,deps:{},depArray:a,callback:c,onDep:function(b,a){b in l.deps||(l.deps[b]=a,l.depCount+=1,l.depCount===l.depMax&&w(l))}},i,r;if(e){if(e in m||s[e]===!0||e===\"jquery\"&&p.jQuery&&p.jQuery!==c().fn.jquery)return;y[e]=!0;s[e]=!0;e===","\"jquery\"&&c&&T(c())}for(c=0;c<a.length;c++)if(i=a[c])i=g(i,k?b:d),r=i.fullName,a[c]=r,r===\"require\"?l.deps[r]=q(b):r===\"exports\"?(l.deps[r]=m[e]={},l.usingExports=!0):r===\"module\"?(l.cjsModule=i=l.deps[r]={id:k,uri:k?f.nameToUrl(k,null,d):void 0,exports:m[e]},i.setExports=x(i)):r in m&&!(r in F)?l.deps[r]=m[r]:j[r]||(l.depMax+=1,v(i),(t[r]||(t[r]=[])).push(l),j[r]=!0);l.depCount===l.depMax?w(l):(F[l.waitId]=l,I.push(l),f.waitCount+=1)}function u(b){z.apply(null,b);s[b[0]]=!0}function C(b,a){if(!b.isDone){var c=","b.fullName,d=b.depArray,f,e;if(c){if(a[c])return m[c];a[c]=!0}for(e=0;e<d.length;e++)if((f=d[e])&&!b.deps[f]&&F[f])b.onDep(f,C(F[f],a));return c?m[c]:void 0}}function A(){var b=p.waitSeconds*1E3,a=b&&f.startTime+b<(new Date).getTime(),b=\"\",c=!1,g=!1,k;if(!(f.pausedCount>0)){if(p.priorityWait)if(e())G();else return;for(k in s)if(!(k in J)&&(c=!0,!s[k]))if(a)b+=k+\" \";else{g=!0;break}if(c||f.waitCount){if(a&&b)return k=R(\"timeout\",\"Load timeout for modules: \"+b),k.requireType=\"timeout\",k.requireModules=","b,d.onError(k);if(g||f.scriptCount){if((B||ca)&&!X)X=setTimeout(function(){X=0;A()},50)}else{if(f.waitCount){for(H=0;b=I[H];H++)C(b,{});Y<5&&(Y+=1,A())}Y=0;d.checkReadyState()}}}}function D(b,a){var c=a.name,e=a.fullName,g;if(!(e in m||e in s))K[b]||(K[b]=m[b]),s[e]||(s[e]=!1),g=function(g){if(d.onPluginLoad)d.onPluginLoad(f,b,c,g);w({prefix:a.prefix,name:a.name,fullName:a.fullName,callback:function(){return g}});s[e]=!0},g.fromText=function(b,a){var c=N;f.loaded[b]=!1;f.scriptCount+=1;c&&(N=!1);","d.exec(a);c&&(N=!0);f.completeLoad(b)},K[b].load(c,q(a.parentMap,!0),g,p)}function L(b){b.prefix&&b.name&&b.name.indexOf(\"__$p\")===0&&m[b.prefix]&&(b=g(b.originalName,b.parentMap));var a=b.prefix,c=b.fullName,e=f.urlFetched;!y[c]&&!s[c]&&(y[c]=!0,a?m[a]?D(a,b):(O[a]||(O[a]=[],(t[a]||(t[a]=[])).push({onDep:function(b){if(b===a){for(var c,d=O[a],b=0;b<d.length;b++)c=d[b],D(a,g(c.originalName,c.parentMap));delete O[a]}}})),O[a].push(b)):e[b.url]||(d.load(f,c,b.url),e[b.url]=!0))}var f,G,p={waitSeconds:7,","baseUrl:i.baseUrl||\"./\",paths:{},pkgs:{},catchError:{}},P=[],y={require:!0,exports:!0,module:!0},E={},m={},s={},F={},I=[],Q=0,t={},K={},O={},Z=0,S={};T=function(b){if(!f.jQuery&&(b=b||(typeof jQuery!==\"undefined\"?jQuery:null))&&!(p.jQuery&&b.fn.jquery!==p.jQuery)&&(\"holdReady\"in b||\"readyWait\"in b))if(f.jQuery=b,u([\"jquery\",[],function(){return jQuery}]),f.scriptCount)W(b,!0),f.jQueryIncremented=!0};G=function(){var b,a,c;Z+=1;if(f.scriptCount<=0)f.scriptCount=0;for(;P.length;)if(b=P.shift(),b[0]===","null)return d.onError(R(\"mismatch\",\"Mismatched anonymous define() module: \"+b[b.length-1]));else u(b);if(!p.priorityWait||e())for(;f.paused.length;){c=f.paused;f.pausedCount+=c.length;f.paused=[];for(a=0;b=c[a];a++)L(b);f.startTime=(new Date).getTime();f.pausedCount-=c.length}Z===1&&A();Z-=1};f={contextName:a,config:p,defQueue:P,waiting:F,waitCount:0,specified:y,loaded:s,urlMap:E,scriptCount:0,urlFetched:{},defined:m,paused:[],pausedCount:0,plugins:K,managerCallbacks:t,makeModuleMap:g,normalize:c,","configure:function(b){var a,c,e;b.baseUrl&&b.baseUrl.charAt(b.baseUrl.length-1)!==\"/\"&&(b.baseUrl+=\"/\");a=p.paths;e=p.pkgs;V(p,b,!0);if(b.paths){for(c in b.paths)c in J||(a[c]=b.paths[c]);p.paths=a}if((a=b.packagePaths)||b.packages){if(a)for(c in a)c in J||aa(e,a[c],c);b.packages&&aa(e,b.packages);p.pkgs=e}if(b.priority)c=f.requireWait,f.requireWait=!1,f.takeGlobalQueue(),G(),f.require(b.priority),G(),f.requireWait=c,p.priorityWait=b.priority;if(b.deps||b.callback)f.require(b.deps||[],b.callback);","b.ready&&d.ready(b.ready)},requireDefined:function(b,a){return g(b,a).fullName in m},requireSpecified:function(b,a){return g(b,a).fullName in y},require:function(b,c,e){if(typeof b===\"string\"){if(d.get)return d.get(f,b,c);c=g(b,c);b=c.fullName;return!(b in m)?d.onError(R(\"notloaded\",\"Module name '\"+c.fullName+\"' has not been loaded yet for context: \"+a)):m[b]}z(null,b,c,e);if(!f.requireWait)for(;!f.scriptCount&&f.paused.length;)f.takeGlobalQueue(),G();return f.require},takeGlobalQueue:function(){U.length&&","(ka.apply(f.defQueue,[f.defQueue.length-1,0].concat(U)),U=[])},completeLoad:function(b){var a;for(f.takeGlobalQueue();P.length;)if(a=P.shift(),a[0]===null){a[0]=b;break}else if(a[0]===b)break;else u(a),a=null;a?u(a):u([b,[],b===\"jquery\"&&typeof jQuery!==\"undefined\"?function(){return jQuery}:null]);s[b]=!0;T();d.isAsync&&(f.scriptCount-=1);G();d.isAsync||(f.scriptCount-=1)},toUrl:function(b,a){var c=b.lastIndexOf(\".\"),d=null;c!==-1&&(d=b.substring(c,b.length),b=b.substring(0,c));return f.nameToUrl(b,","d,a)},nameToUrl:function(b,a,e){var g,j,i,m,l=f.config,b=c(b,e&&e.fullName);if(d.jsExtRegExp.test(b))a=b+(a?a:\"\");else{g=l.paths;j=l.pkgs;e=b.split(\"/\");for(m=e.length;m>0;m--)if(i=e.slice(0,m).join(\"/\"),g[i]){e.splice(0,m,g[i]);break}else if(i=j[i]){b=b===i.name?i.location+\"/\"+i.main:i.location;e.splice(0,m,b);break}a=e.join(\"/\")+(a||\".js\");a=(a.charAt(0)===\"/\"||a.match(/^\\w+:/)?\"\":l.baseUrl)+a}return l.urlArgs?a+((a.indexOf(\"?\")===-1?\"?\":\"&\")+l.urlArgs):a}};f.jQueryCheck=T;f.resume=G;return f}function la(){var a,","c,d;if(C&&C.readyState===\"interactive\")return C;a=document.getElementsByTagName(\"script\");for(c=a.length-1;c>-1&&(d=a[c]);c--)if(d.readyState===\"interactive\")return C=d;return null}var ma=/(\\/\\*([\\s\\S]*?)\\*\\/|\\/\\/(.*)$)/mg,na=/require\\(\\s*[\"']([^'\"\\s]+)[\"']\\s*\\)/g,fa=/^\\.\\//,ba=/\\.js$/,$=Object.prototype.toString,q=Array.prototype,ia=q.slice,ka=q.splice,B=!!(typeof window!==\"undefined\"&&navigator&&document),ca=!B&&typeof importScripts!==\"undefined\",oa=B&&navigator.platform===\"PLAYSTATION 3\"?/^complete$/:","/^(complete|loaded)$/,da=typeof opera!==\"undefined\"&&opera.toString()===\"[object Opera]\",ja=\"_r@@\",J={},z={},U=[],C=null,Y=0,N=!1,d,q={},I,i,u,L,v,A,D,H,Q,ea,w,T,X;if(typeof define===\"undefined\"){if(typeof requirejs!==\"undefined\")if(M(requirejs))return;else q=requirejs,requirejs=void 0;typeof require!==\"undefined\"&&!M(require)&&(q=require,require=void 0);d=requirejs=function(a,c,d){var e=\"_\",i;!E(a)&&typeof a!==\"string\"&&(i=a,E(c)?(a=c,c=d):a=[]);if(i&&i.context)e=i.context;d=z[e]||(z[e]=ga(e));i&&","d.configure(i);return d.require(a,c)};d.config=function(a){return d(a)};typeof require===\"undefined\"&&(require=d);d.toUrl=function(a){return z._.toUrl(a)};d.version=\"0.26.0\";d.isArray=E;d.isFunction=M;d.mixin=V;d.jsExtRegExp=/^\\/|:|\\?|\\.js$/;i=d.s={contexts:z,skipAsync:{},isPageLoaded:!B,readyCalls:[]};if(d.isAsync=d.isBrowser=B)if(u=i.head=document.getElementsByTagName(\"head\")[0],L=document.getElementsByTagName(\"base\")[0])u=i.head=L.parentNode;d.onError=function(a){throw a;};d.load=function(a,c,","g){var e=a.loaded;e[c]||(e[c]=!1);a.scriptCount+=1;d.attach(g,a,c);if(a.jQuery&&!a.jQueryIncremented)W(a.jQuery,!0),a.jQueryIncremented=!0};define=d.def=function(a,c,g){var e,i;typeof a!==\"string\"&&(g=c,c=a,a=null);d.isArray(c)||(g=c,c=[]);!a&&!c.length&&d.isFunction(g)&&g.length&&(g.toString().replace(ma,\"\").replace(na,function(a,d){c.push(d)}),c=(g.length===1?[\"require\"]:[\"require\",\"exports\",\"module\"]).concat(c));if(N&&(e=I||la()))a||(a=e.getAttribute(\"data-requiremodule\")),i=z[e.getAttribute(\"data-requirecontext\")];","(i?i.defQueue:U).push([a,c,g])};define.amd={multiversion:!0,plugins:!0,jQuery:!0};d.exec=function(a){return eval(a)};d.execCb=function(a,c,d,e){return c.apply(e,d)};d.onScriptLoad=function(a){var c=a.currentTarget||a.srcElement,g;if(a.type===\"load\"||oa.test(c.readyState))C=null,a=c.getAttribute(\"data-requirecontext\"),g=c.getAttribute(\"data-requiremodule\"),z[a].completeLoad(g),c.detachEvent&&!da?c.detachEvent(\"onreadystatechange\",d.onScriptLoad):c.removeEventListener(\"load\",d.onScriptLoad,!1)};d.attach=","function(a,c,g,e,q){var j;if(B)return e=e||d.onScriptLoad,j=c&&c.config&&c.config.xhtml?document.createElementNS(\"http://www.w3.org/1999/xhtml\",\"html:script\"):document.createElement(\"script\"),j.type=q||\"text/javascript\",j.charset=\"utf-8\",j.async=!i.skipAsync[a],c&&j.setAttribute(\"data-requirecontext\",c.contextName),j.setAttribute(\"data-requiremodule\",g),j.attachEvent&&!da?(N=!0,j.attachEvent(\"onreadystatechange\",e)):j.addEventListener(\"load\",e,!1),j.src=a,I=j,L?u.insertBefore(j,L):u.appendChild(j),","I=null,j;else if(ca)e=c.loaded,e[g]=!1,importScripts(a),c.completeLoad(g);return null};if(B){v=document.getElementsByTagName(\"script\");for(H=v.length-1;H>-1&&(A=v[H]);H--){if(!u)u=A.parentNode;if(D=A.getAttribute(\"data-main\")){if(!q.baseUrl)v=D.split(\"/\"),A=v.pop(),v=v.length?v.join(\"/\")+\"/\":\"./\",q.baseUrl=v,D=A.replace(ba,\"\");q.deps=q.deps?q.deps.concat(D):[D];break}}}i.baseUrl=q.baseUrl;d.pageLoaded=function(){if(!i.isPageLoaded){i.isPageLoaded=!0;Q&&clearInterval(Q);if(ea)document.readyState=\"complete\";","d.callReady()}};d.checkReadyState=function(){var a=i.contexts,c;for(c in a)if(!(c in J)&&a[c].waitCount)return;i.isDone=!0;d.callReady()};d.callReady=function(){var a=i.readyCalls,c,d,e;if(i.isPageLoaded&&i.isDone){if(a.length){i.readyCalls=[];for(c=0;d=a[c];c++)d()}a=i.contexts;for(e in a)if(!(e in J)&&(c=a[e],c.jQueryIncremented))W(c.jQuery,!1),c.jQueryIncremented=!1}};d.ready=function(a){i.isPageLoaded&&i.isDone?a():i.readyCalls.push(a);return d};if(B){if(document.addEventListener){if(document.addEventListener(\"DOMContentLoaded\",","d.pageLoaded,!1),window.addEventListener(\"load\",d.pageLoaded,!1),!document.readyState)ea=!0,document.readyState=\"loading\"}else window.attachEvent&&(window.attachEvent(\"onload\",d.pageLoaded),self===self.top&&(Q=setInterval(function(){try{document.body&&(document.documentElement.doScroll(\"left\"),d.pageLoaded())}catch(a){}},30)));document.readyState===\"complete\"&&d.pageLoaded()}d(q);if(d.isAsync&&typeof setTimeout!==\"undefined\")w=i.contexts[q.context||\"_\"],w.requireWait=!0,setTimeout(function(){w.requireWait=","!1;w.takeGlobalQueue();w.jQueryCheck();w.scriptCount||w.resume();d.checkReadyState()},0)}})();",""],"l":{"6":1,"7":2,"8":1,"9":1,"10":1,"11":1,"12":1,"13":1,"14":1,"15":1,"16":1,"17":1,"18":1,"19":1,"20":1,"21":1,"22":0,"23":1,"24":1,"25":1,"26":1,"27":1,"28":1,"29":0,"30":1,"31":1,"32":1,"33":0}},"/home/travis/build/npmtest/node-npmtest-follow/node_modules/follow/browser/util.js":{"path":"/home/travis/build/npmtest/node-npmtest-follow/node_modules/follow/browser/util.js","s":{"1":2,"2":0,"3":0,"4":0,"5":0,"6":0,"7":0},"b":{},"f":{"1":0,"2":0},"fnMap":{"1":{"name":"(anonymous_1)","line":1,"loc":{"start":{"line":1,"column":11},"end":{"line":1,"column":22}}},"2":{"name":"(anonymous_2)","line":20,"loc":{"start":{"line":20,"column":21},"end":{"line":20,"column":47}}}},"statementMap":{"1":{"start":{"line":1,"column":0},"end":{"line":28,"column":2}},"2":{"start":{"line":2,"column":2},"end":{"line":2,"column":19}},"3":{"start":{"line":4,"column":2},"end":{"line":4,"column":35}},"4":{"start":{"line":20,"column":2},"end":{"line":25,"column":4}},"5":{"start":{"line":21,"column":4},"end":{"line":21,"column":28}},"6":{"start":{"line":22,"column":4},"end":{"line":24,"column":7}},"7":{"start":{"line":27,"column":2},"end":{"line":27,"column":17}}},"branchMap":{},"code":["define([], function() {","  var exports = {};","","  exports.inspect = JSON.stringify;","","  // Copy from Node","  /**","   * Inherit the prototype methods from one constructor into another.","   *","   * The Function.prototype.inherits from lang.js rewritten as a standalone","   * function (not on Function.prototype). NOTE: If this file is to be loaded","   * during bootstrapping this function needs to be revritten using some native","   * functions as prototype setup using normal JavaScript does not work as","   * expected during bootstrapping (see mirror.js in r114903).","   *","   * @param {function} ctor Constructor function which needs to inherit the","   *     prototype.","   * @param {function} superCtor Constructor function to inherit prototype from.","   */","  exports.inherits = function(ctor, superCtor) {","    ctor.super_ = superCtor;","    ctor.prototype = Object.create(superCtor.prototype, {","      constructor: { value: ctor, enumerable: false }","    });","  };","","  return exports;","})",""],"l":{"1":2,"2":0,"4":0,"20":0,"21":0,"22":0,"27":0}}}